The system is: Linux - 4.15.0-52-generic - x86_64
Compiling the C compiler identification source file "CMakeCCompilerId.c" succeeded.
Compiler: /usr/bin/cc 
Build flags: 
Id flags:  

The output was:
0


Compilation of the C compiler identification source "CMakeCCompilerId.c" produced "a.out"

The C compiler identification is GNU, found in "/home/parallels/work/NetCamera/build/CMakeFiles/3.10.2/CompilerIdC/a.out"

Compiling the CXX compiler identification source file "CMakeCXXCompilerId.cpp" succeeded.
Compiler: /usr/bin/c++ 
Build flags: 
Id flags:  

The output was:
0


Compilation of the CXX compiler identification source "CMakeCXXCompilerId.cpp" produced "a.out"

The CXX compiler identification is GNU, found in "/home/parallels/work/NetCamera/build/CMakeFiles/3.10.2/CompilerIdCXX/a.out"

Determining if the C compiler works passed with the following output:
Change Dir: /home/parallels/work/NetCamera/build/CMakeFiles/CMakeTmp

Run Build Command:"/usr/bin/make" "cmTC_82538/fast"
/usr/bin/make -f CMakeFiles/cmTC_82538.dir/build.make CMakeFiles/cmTC_82538.dir/build
make[1]: Entering directory '/home/parallels/work/NetCamera/build/CMakeFiles/CMakeTmp'
Building C object CMakeFiles/cmTC_82538.dir/testCCompiler.c.o
/usr/bin/cc    -o CMakeFiles/cmTC_82538.dir/testCCompiler.c.o   -c /home/parallels/work/NetCamera/build/CMakeFiles/CMakeTmp/testCCompiler.c
Linking C executable cmTC_82538
/usr/bin/cmake -E cmake_link_script CMakeFiles/cmTC_82538.dir/link.txt --verbose=1
/usr/bin/cc      CMakeFiles/cmTC_82538.dir/testCCompiler.c.o  -o cmTC_82538 
make[1]: Leaving directory '/home/parallels/work/NetCamera/build/CMakeFiles/CMakeTmp'


Detecting C compiler ABI info compiled with the following output:
Change Dir: /home/parallels/work/NetCamera/build/CMakeFiles/CMakeTmp

Run Build Command:"/usr/bin/make" "cmTC_be393/fast"
/usr/bin/make -f CMakeFiles/cmTC_be393.dir/build.make CMakeFiles/cmTC_be393.dir/build
make[1]: Entering directory '/home/parallels/work/NetCamera/build/CMakeFiles/CMakeTmp'
Building C object CMakeFiles/cmTC_be393.dir/CMakeCCompilerABI.c.o
/usr/bin/cc    -o CMakeFiles/cmTC_be393.dir/CMakeCCompilerABI.c.o   -c /usr/share/cmake-3.10/Modules/CMakeCCompilerABI.c
Linking C executable cmTC_be393
/usr/bin/cmake -E cmake_link_script CMakeFiles/cmTC_be393.dir/link.txt --verbose=1
/usr/bin/cc     -v CMakeFiles/cmTC_be393.dir/CMakeCCompilerABI.c.o  -o cmTC_be393 
Using built-in specs.
COLLECT_GCC=/usr/bin/cc
COLLECT_LTO_WRAPPER=/usr/lib/gcc/x86_64-linux-gnu/7/lto-wrapper
OFFLOAD_TARGET_NAMES=nvptx-none
OFFLOAD_TARGET_DEFAULT=1
Target: x86_64-linux-gnu
Configured with: ../src/configure -v --with-pkgversion='Ubuntu 7.4.0-1ubuntu1~18.04.1' --with-bugurl=file:///usr/share/doc/gcc-7/README.Bugs --enable-languages=c,ada,c++,go,brig,d,fortran,objc,obj-c++ --prefix=/usr --with-gcc-major-version-only --program-suffix=-7 --program-prefix=x86_64-linux-gnu- --enable-shared --enable-linker-build-id --libexecdir=/usr/lib --without-included-gettext --enable-threads=posix --libdir=/usr/lib --enable-nls --with-sysroot=/ --enable-clocale=gnu --enable-libstdcxx-debug --enable-libstdcxx-time=yes --with-default-libstdcxx-abi=new --enable-gnu-unique-object --disable-vtable-verify --enable-libmpx --enable-plugin --enable-default-pie --with-system-zlib --with-target-system-zlib --enable-objc-gc=auto --enable-multiarch --disable-werror --with-arch-32=i686 --with-abi=m64 --with-multilib-list=m32,m64,mx32 --enable-multilib --with-tune=generic --enable-offload-targets=nvptx-none --without-cuda-driver --enable-checking=release --build=x86_64-linux-gnu --host=x86_64-linux-gnu --target=x86_64-linux-gnu
Thread model: posix
gcc version 7.4.0 (Ubuntu 7.4.0-1ubuntu1~18.04.1) 
COMPILER_PATH=/usr/lib/gcc/x86_64-linux-gnu/7/:/usr/lib/gcc/x86_64-linux-gnu/7/:/usr/lib/gcc/x86_64-linux-gnu/:/usr/lib/gcc/x86_64-linux-gnu/7/:/usr/lib/gcc/x86_64-linux-gnu/
LIBRARY_PATH=/usr/lib/gcc/x86_64-linux-gnu/7/:/usr/lib/gcc/x86_64-linux-gnu/7/../../../x86_64-linux-gnu/:/usr/lib/gcc/x86_64-linux-gnu/7/../../../../lib/:/lib/x86_64-linux-gnu/:/lib/../lib/:/usr/lib/x86_64-linux-gnu/:/usr/lib/../lib/:/usr/lib/gcc/x86_64-linux-gnu/7/../../../:/lib/:/usr/lib/
COLLECT_GCC_OPTIONS='-v' '-o' 'cmTC_be393' '-mtune=generic' '-march=x86-64'
 /usr/lib/gcc/x86_64-linux-gnu/7/collect2 -plugin /usr/lib/gcc/x86_64-linux-gnu/7/liblto_plugin.so -plugin-opt=/usr/lib/gcc/x86_64-linux-gnu/7/lto-wrapper -plugin-opt=-fresolution=/tmp/ccYrXloa.res -plugin-opt=-pass-through=-lgcc -plugin-opt=-pass-through=-lgcc_s -plugin-opt=-pass-through=-lc -plugin-opt=-pass-through=-lgcc -plugin-opt=-pass-through=-lgcc_s --sysroot=/ --build-id --eh-frame-hdr -m elf_x86_64 --hash-style=gnu --as-needed -dynamic-linker /lib64/ld-linux-x86-64.so.2 -pie -z now -z relro -o cmTC_be393 /usr/lib/gcc/x86_64-linux-gnu/7/../../../x86_64-linux-gnu/Scrt1.o /usr/lib/gcc/x86_64-linux-gnu/7/../../../x86_64-linux-gnu/crti.o /usr/lib/gcc/x86_64-linux-gnu/7/crtbeginS.o -L/usr/lib/gcc/x86_64-linux-gnu/7 -L/usr/lib/gcc/x86_64-linux-gnu/7/../../../x86_64-linux-gnu -L/usr/lib/gcc/x86_64-linux-gnu/7/../../../../lib -L/lib/x86_64-linux-gnu -L/lib/../lib -L/usr/lib/x86_64-linux-gnu -L/usr/lib/../lib -L/usr/lib/gcc/x86_64-linux-gnu/7/../../.. CMakeFiles/cmTC_be393.dir/CMakeCCompilerABI.c.o -lgcc --push-state --as-needed -lgcc_s --pop-state -lc -lgcc --push-state --as-needed -lgcc_s --pop-state /usr/lib/gcc/x86_64-linux-gnu/7/crtendS.o /usr/lib/gcc/x86_64-linux-gnu/7/../../../x86_64-linux-gnu/crtn.o
COLLECT_GCC_OPTIONS='-v' '-o' 'cmTC_be393' '-mtune=generic' '-march=x86-64'
make[1]: Leaving directory '/home/parallels/work/NetCamera/build/CMakeFiles/CMakeTmp'


Parsed C implicit link information from above output:
  link line regex: [^( *|.*[/\])(ld|CMAKE_LINK_STARTFILE-NOTFOUND|([^/\]+-)?ld|collect2)[^/\]*( |$)]
  ignore line: [Change Dir: /home/parallels/work/NetCamera/build/CMakeFiles/CMakeTmp]
  ignore line: []
  ignore line: [Run Build Command:"/usr/bin/make" "cmTC_be393/fast"]
  ignore line: [/usr/bin/make -f CMakeFiles/cmTC_be393.dir/build.make CMakeFiles/cmTC_be393.dir/build]
  ignore line: [make[1]: Entering directory '/home/parallels/work/NetCamera/build/CMakeFiles/CMakeTmp']
  ignore line: [Building C object CMakeFiles/cmTC_be393.dir/CMakeCCompilerABI.c.o]
  ignore line: [/usr/bin/cc    -o CMakeFiles/cmTC_be393.dir/CMakeCCompilerABI.c.o   -c /usr/share/cmake-3.10/Modules/CMakeCCompilerABI.c]
  ignore line: [Linking C executable cmTC_be393]
  ignore line: [/usr/bin/cmake -E cmake_link_script CMakeFiles/cmTC_be393.dir/link.txt --verbose=1]
  ignore line: [/usr/bin/cc     -v CMakeFiles/cmTC_be393.dir/CMakeCCompilerABI.c.o  -o cmTC_be393 ]
  ignore line: [Using built-in specs.]
  ignore line: [COLLECT_GCC=/usr/bin/cc]
  ignore line: [COLLECT_LTO_WRAPPER=/usr/lib/gcc/x86_64-linux-gnu/7/lto-wrapper]
  ignore line: [OFFLOAD_TARGET_NAMES=nvptx-none]
  ignore line: [OFFLOAD_TARGET_DEFAULT=1]
  ignore line: [Target: x86_64-linux-gnu]
  ignore line: [Configured with: ../src/configure -v --with-pkgversion='Ubuntu 7.4.0-1ubuntu1~18.04.1' --with-bugurl=file:///usr/share/doc/gcc-7/README.Bugs --enable-languages=c,ada,c++,go,brig,d,fortran,objc,obj-c++ --prefix=/usr --with-gcc-major-version-only --program-suffix=-7 --program-prefix=x86_64-linux-gnu- --enable-shared --enable-linker-build-id --libexecdir=/usr/lib --without-included-gettext --enable-threads=posix --libdir=/usr/lib --enable-nls --with-sysroot=/ --enable-clocale=gnu --enable-libstdcxx-debug --enable-libstdcxx-time=yes --with-default-libstdcxx-abi=new --enable-gnu-unique-object --disable-vtable-verify --enable-libmpx --enable-plugin --enable-default-pie --with-system-zlib --with-target-system-zlib --enable-objc-gc=auto --enable-multiarch --disable-werror --with-arch-32=i686 --with-abi=m64 --with-multilib-list=m32,m64,mx32 --enable-multilib --with-tune=generic --enable-offload-targets=nvptx-none --without-cuda-driver --enable-checking=release --build=x86_64-linux-gnu --host=x86_64-linux-gnu --target=x86_64-linux-gnu]
  ignore line: [Thread model: posix]
  ignore line: [gcc version 7.4.0 (Ubuntu 7.4.0-1ubuntu1~18.04.1) ]
  ignore line: [COMPILER_PATH=/usr/lib/gcc/x86_64-linux-gnu/7/:/usr/lib/gcc/x86_64-linux-gnu/7/:/usr/lib/gcc/x86_64-linux-gnu/:/usr/lib/gcc/x86_64-linux-gnu/7/:/usr/lib/gcc/x86_64-linux-gnu/]
  ignore line: [LIBRARY_PATH=/usr/lib/gcc/x86_64-linux-gnu/7/:/usr/lib/gcc/x86_64-linux-gnu/7/../../../x86_64-linux-gnu/:/usr/lib/gcc/x86_64-linux-gnu/7/../../../../lib/:/lib/x86_64-linux-gnu/:/lib/../lib/:/usr/lib/x86_64-linux-gnu/:/usr/lib/../lib/:/usr/lib/gcc/x86_64-linux-gnu/7/../../../:/lib/:/usr/lib/]
  ignore line: [COLLECT_GCC_OPTIONS='-v' '-o' 'cmTC_be393' '-mtune=generic' '-march=x86-64']
  link line: [ /usr/lib/gcc/x86_64-linux-gnu/7/collect2 -plugin /usr/lib/gcc/x86_64-linux-gnu/7/liblto_plugin.so -plugin-opt=/usr/lib/gcc/x86_64-linux-gnu/7/lto-wrapper -plugin-opt=-fresolution=/tmp/ccYrXloa.res -plugin-opt=-pass-through=-lgcc -plugin-opt=-pass-through=-lgcc_s -plugin-opt=-pass-through=-lc -plugin-opt=-pass-through=-lgcc -plugin-opt=-pass-through=-lgcc_s --sysroot=/ --build-id --eh-frame-hdr -m elf_x86_64 --hash-style=gnu --as-needed -dynamic-linker /lib64/ld-linux-x86-64.so.2 -pie -z now -z relro -o cmTC_be393 /usr/lib/gcc/x86_64-linux-gnu/7/../../../x86_64-linux-gnu/Scrt1.o /usr/lib/gcc/x86_64-linux-gnu/7/../../../x86_64-linux-gnu/crti.o /usr/lib/gcc/x86_64-linux-gnu/7/crtbeginS.o -L/usr/lib/gcc/x86_64-linux-gnu/7 -L/usr/lib/gcc/x86_64-linux-gnu/7/../../../x86_64-linux-gnu -L/usr/lib/gcc/x86_64-linux-gnu/7/../../../../lib -L/lib/x86_64-linux-gnu -L/lib/../lib -L/usr/lib/x86_64-linux-gnu -L/usr/lib/../lib -L/usr/lib/gcc/x86_64-linux-gnu/7/../../.. CMakeFiles/cmTC_be393.dir/CMakeCCompilerABI.c.o -lgcc --push-state --as-needed -lgcc_s --pop-state -lc -lgcc --push-state --as-needed -lgcc_s --pop-state /usr/lib/gcc/x86_64-linux-gnu/7/crtendS.o /usr/lib/gcc/x86_64-linux-gnu/7/../../../x86_64-linux-gnu/crtn.o]
    arg [/usr/lib/gcc/x86_64-linux-gnu/7/collect2] ==> ignore
    arg [-plugin] ==> ignore
    arg [/usr/lib/gcc/x86_64-linux-gnu/7/liblto_plugin.so] ==> ignore
    arg [-plugin-opt=/usr/lib/gcc/x86_64-linux-gnu/7/lto-wrapper] ==> ignore
    arg [-plugin-opt=-fresolution=/tmp/ccYrXloa.res] ==> ignore
    arg [-plugin-opt=-pass-through=-lgcc] ==> ignore
    arg [-plugin-opt=-pass-through=-lgcc_s] ==> ignore
    arg [-plugin-opt=-pass-through=-lc] ==> ignore
    arg [-plugin-opt=-pass-through=-lgcc] ==> ignore
    arg [-plugin-opt=-pass-through=-lgcc_s] ==> ignore
    arg [--sysroot=/] ==> ignore
    arg [--build-id] ==> ignore
    arg [--eh-frame-hdr] ==> ignore
    arg [-m] ==> ignore
    arg [elf_x86_64] ==> ignore
    arg [--hash-style=gnu] ==> ignore
    arg [--as-needed] ==> ignore
    arg [-dynamic-linker] ==> ignore
    arg [/lib64/ld-linux-x86-64.so.2] ==> ignore
    arg [-pie] ==> ignore
    arg [-znow] ==> ignore
    arg [-zrelro] ==> ignore
    arg [-o] ==> ignore
    arg [cmTC_be393] ==> ignore
    arg [/usr/lib/gcc/x86_64-linux-gnu/7/../../../x86_64-linux-gnu/Scrt1.o] ==> ignore
    arg [/usr/lib/gcc/x86_64-linux-gnu/7/../../../x86_64-linux-gnu/crti.o] ==> ignore
    arg [/usr/lib/gcc/x86_64-linux-gnu/7/crtbeginS.o] ==> ignore
    arg [-L/usr/lib/gcc/x86_64-linux-gnu/7] ==> dir [/usr/lib/gcc/x86_64-linux-gnu/7]
    arg [-L/usr/lib/gcc/x86_64-linux-gnu/7/../../../x86_64-linux-gnu] ==> dir [/usr/lib/gcc/x86_64-linux-gnu/7/../../../x86_64-linux-gnu]
    arg [-L/usr/lib/gcc/x86_64-linux-gnu/7/../../../../lib] ==> dir [/usr/lib/gcc/x86_64-linux-gnu/7/../../../../lib]
    arg [-L/lib/x86_64-linux-gnu] ==> dir [/lib/x86_64-linux-gnu]
    arg [-L/lib/../lib] ==> dir [/lib/../lib]
    arg [-L/usr/lib/x86_64-linux-gnu] ==> dir [/usr/lib/x86_64-linux-gnu]
    arg [-L/usr/lib/../lib] ==> dir [/usr/lib/../lib]
    arg [-L/usr/lib/gcc/x86_64-linux-gnu/7/../../..] ==> dir [/usr/lib/gcc/x86_64-linux-gnu/7/../../..]
    arg [CMakeFiles/cmTC_be393.dir/CMakeCCompilerABI.c.o] ==> ignore
    arg [-lgcc] ==> lib [gcc]
    arg [--push-state] ==> ignore
    arg [--as-needed] ==> ignore
    arg [-lgcc_s] ==> lib [gcc_s]
    arg [--pop-state] ==> ignore
    arg [-lc] ==> lib [c]
    arg [-lgcc] ==> lib [gcc]
    arg [--push-state] ==> ignore
    arg [--as-needed] ==> ignore
    arg [-lgcc_s] ==> lib [gcc_s]
    arg [--pop-state] ==> ignore
    arg [/usr/lib/gcc/x86_64-linux-gnu/7/crtendS.o] ==> ignore
    arg [/usr/lib/gcc/x86_64-linux-gnu/7/../../../x86_64-linux-gnu/crtn.o] ==> ignore
  collapse library dir [/usr/lib/gcc/x86_64-linux-gnu/7] ==> [/usr/lib/gcc/x86_64-linux-gnu/7]
  collapse library dir [/usr/lib/gcc/x86_64-linux-gnu/7/../../../x86_64-linux-gnu] ==> [/usr/lib/x86_64-linux-gnu]
  collapse library dir [/usr/lib/gcc/x86_64-linux-gnu/7/../../../../lib] ==> [/usr/lib]
  collapse library dir [/lib/x86_64-linux-gnu] ==> [/lib/x86_64-linux-gnu]
  collapse library dir [/lib/../lib] ==> [/lib]
  collapse library dir [/usr/lib/x86_64-linux-gnu] ==> [/usr/lib/x86_64-linux-gnu]
  collapse library dir [/usr/lib/../lib] ==> [/usr/lib]
  collapse library dir [/usr/lib/gcc/x86_64-linux-gnu/7/../../..] ==> [/usr/lib]
  implicit libs: [gcc;gcc_s;c;gcc;gcc_s]
  implicit dirs: [/usr/lib/gcc/x86_64-linux-gnu/7;/usr/lib/x86_64-linux-gnu;/usr/lib;/lib/x86_64-linux-gnu;/lib]
  implicit fwks: []




Detecting C [-std=c11] compiler features compiled with the following output:
Change Dir: /home/parallels/work/NetCamera/build/CMakeFiles/CMakeTmp

Run Build Command:"/usr/bin/make" "cmTC_ccdd0/fast"
/usr/bin/make -f CMakeFiles/cmTC_ccdd0.dir/build.make CMakeFiles/cmTC_ccdd0.dir/build
make[1]: Entering directory '/home/parallels/work/NetCamera/build/CMakeFiles/CMakeTmp'
Building C object CMakeFiles/cmTC_ccdd0.dir/feature_tests.c.o
/usr/bin/cc   -std=c11 -o CMakeFiles/cmTC_ccdd0.dir/feature_tests.c.o   -c /home/parallels/work/NetCamera/build/CMakeFiles/feature_tests.c
Linking C executable cmTC_ccdd0
/usr/bin/cmake -E cmake_link_script CMakeFiles/cmTC_ccdd0.dir/link.txt --verbose=1
/usr/bin/cc      CMakeFiles/cmTC_ccdd0.dir/feature_tests.c.o  -o cmTC_ccdd0 
make[1]: Leaving directory '/home/parallels/work/NetCamera/build/CMakeFiles/CMakeTmp'


    Feature record: C_FEATURE:1c_function_prototypes
    Feature record: C_FEATURE:1c_restrict
    Feature record: C_FEATURE:1c_static_assert
    Feature record: C_FEATURE:1c_variadic_macros


Detecting C [-std=c99] compiler features compiled with the following output:
Change Dir: /home/parallels/work/NetCamera/build/CMakeFiles/CMakeTmp

Run Build Command:"/usr/bin/make" "cmTC_3e1d2/fast"
/usr/bin/make -f CMakeFiles/cmTC_3e1d2.dir/build.make CMakeFiles/cmTC_3e1d2.dir/build
make[1]: Entering directory '/home/parallels/work/NetCamera/build/CMakeFiles/CMakeTmp'
Building C object CMakeFiles/cmTC_3e1d2.dir/feature_tests.c.o
/usr/bin/cc   -std=c99 -o CMakeFiles/cmTC_3e1d2.dir/feature_tests.c.o   -c /home/parallels/work/NetCamera/build/CMakeFiles/feature_tests.c
Linking C executable cmTC_3e1d2
/usr/bin/cmake -E cmake_link_script CMakeFiles/cmTC_3e1d2.dir/link.txt --verbose=1
/usr/bin/cc      CMakeFiles/cmTC_3e1d2.dir/feature_tests.c.o  -o cmTC_3e1d2 
make[1]: Leaving directory '/home/parallels/work/NetCamera/build/CMakeFiles/CMakeTmp'


    Feature record: C_FEATURE:1c_function_prototypes
    Feature record: C_FEATURE:1c_restrict
    Feature record: C_FEATURE:0c_static_assert
    Feature record: C_FEATURE:1c_variadic_macros


Detecting C [-std=c90] compiler features compiled with the following output:
Change Dir: /home/parallels/work/NetCamera/build/CMakeFiles/CMakeTmp

Run Build Command:"/usr/bin/make" "cmTC_18191/fast"
/usr/bin/make -f CMakeFiles/cmTC_18191.dir/build.make CMakeFiles/cmTC_18191.dir/build
make[1]: Entering directory '/home/parallels/work/NetCamera/build/CMakeFiles/CMakeTmp'
Building C object CMakeFiles/cmTC_18191.dir/feature_tests.c.o
/usr/bin/cc   -std=c90 -o CMakeFiles/cmTC_18191.dir/feature_tests.c.o   -c /home/parallels/work/NetCamera/build/CMakeFiles/feature_tests.c
Linking C executable cmTC_18191
/usr/bin/cmake -E cmake_link_script CMakeFiles/cmTC_18191.dir/link.txt --verbose=1
/usr/bin/cc      CMakeFiles/cmTC_18191.dir/feature_tests.c.o  -o cmTC_18191 
make[1]: Leaving directory '/home/parallels/work/NetCamera/build/CMakeFiles/CMakeTmp'


    Feature record: C_FEATURE:1c_function_prototypes
    Feature record: C_FEATURE:0c_restrict
    Feature record: C_FEATURE:0c_static_assert
    Feature record: C_FEATURE:0c_variadic_macros
Determining if the CXX compiler works passed with the following output:
Change Dir: /home/parallels/work/NetCamera/build/CMakeFiles/CMakeTmp

Run Build Command:"/usr/bin/make" "cmTC_6d265/fast"
/usr/bin/make -f CMakeFiles/cmTC_6d265.dir/build.make CMakeFiles/cmTC_6d265.dir/build
make[1]: Entering directory '/home/parallels/work/NetCamera/build/CMakeFiles/CMakeTmp'
Building CXX object CMakeFiles/cmTC_6d265.dir/testCXXCompiler.cxx.o
/usr/bin/c++     -o CMakeFiles/cmTC_6d265.dir/testCXXCompiler.cxx.o -c /home/parallels/work/NetCamera/build/CMakeFiles/CMakeTmp/testCXXCompiler.cxx
Linking CXX executable cmTC_6d265
/usr/bin/cmake -E cmake_link_script CMakeFiles/cmTC_6d265.dir/link.txt --verbose=1
/usr/bin/c++       CMakeFiles/cmTC_6d265.dir/testCXXCompiler.cxx.o  -o cmTC_6d265 
make[1]: Leaving directory '/home/parallels/work/NetCamera/build/CMakeFiles/CMakeTmp'


Detecting CXX compiler ABI info compiled with the following output:
Change Dir: /home/parallels/work/NetCamera/build/CMakeFiles/CMakeTmp

Run Build Command:"/usr/bin/make" "cmTC_879aa/fast"
/usr/bin/make -f CMakeFiles/cmTC_879aa.dir/build.make CMakeFiles/cmTC_879aa.dir/build
make[1]: Entering directory '/home/parallels/work/NetCamera/build/CMakeFiles/CMakeTmp'
Building CXX object CMakeFiles/cmTC_879aa.dir/CMakeCXXCompilerABI.cpp.o
/usr/bin/c++     -o CMakeFiles/cmTC_879aa.dir/CMakeCXXCompilerABI.cpp.o -c /usr/share/cmake-3.10/Modules/CMakeCXXCompilerABI.cpp
Linking CXX executable cmTC_879aa
/usr/bin/cmake -E cmake_link_script CMakeFiles/cmTC_879aa.dir/link.txt --verbose=1
/usr/bin/c++      -v CMakeFiles/cmTC_879aa.dir/CMakeCXXCompilerABI.cpp.o  -o cmTC_879aa 
Using built-in specs.
COLLECT_GCC=/usr/bin/c++
COLLECT_LTO_WRAPPER=/usr/lib/gcc/x86_64-linux-gnu/7/lto-wrapper
OFFLOAD_TARGET_NAMES=nvptx-none
OFFLOAD_TARGET_DEFAULT=1
Target: x86_64-linux-gnu
Configured with: ../src/configure -v --with-pkgversion='Ubuntu 7.4.0-1ubuntu1~18.04.1' --with-bugurl=file:///usr/share/doc/gcc-7/README.Bugs --enable-languages=c,ada,c++,go,brig,d,fortran,objc,obj-c++ --prefix=/usr --with-gcc-major-version-only --program-suffix=-7 --program-prefix=x86_64-linux-gnu- --enable-shared --enable-linker-build-id --libexecdir=/usr/lib --without-included-gettext --enable-threads=posix --libdir=/usr/lib --enable-nls --with-sysroot=/ --enable-clocale=gnu --enable-libstdcxx-debug --enable-libstdcxx-time=yes --with-default-libstdcxx-abi=new --enable-gnu-unique-object --disable-vtable-verify --enable-libmpx --enable-plugin --enable-default-pie --with-system-zlib --with-target-system-zlib --enable-objc-gc=auto --enable-multiarch --disable-werror --with-arch-32=i686 --with-abi=m64 --with-multilib-list=m32,m64,mx32 --enable-multilib --with-tune=generic --enable-offload-targets=nvptx-none --without-cuda-driver --enable-checking=release --build=x86_64-linux-gnu --host=x86_64-linux-gnu --target=x86_64-linux-gnu
Thread model: posix
gcc version 7.4.0 (Ubuntu 7.4.0-1ubuntu1~18.04.1) 
COMPILER_PATH=/usr/lib/gcc/x86_64-linux-gnu/7/:/usr/lib/gcc/x86_64-linux-gnu/7/:/usr/lib/gcc/x86_64-linux-gnu/:/usr/lib/gcc/x86_64-linux-gnu/7/:/usr/lib/gcc/x86_64-linux-gnu/
LIBRARY_PATH=/usr/lib/gcc/x86_64-linux-gnu/7/:/usr/lib/gcc/x86_64-linux-gnu/7/../../../x86_64-linux-gnu/:/usr/lib/gcc/x86_64-linux-gnu/7/../../../../lib/:/lib/x86_64-linux-gnu/:/lib/../lib/:/usr/lib/x86_64-linux-gnu/:/usr/lib/../lib/:/usr/lib/gcc/x86_64-linux-gnu/7/../../../:/lib/:/usr/lib/
COLLECT_GCC_OPTIONS='-v' '-o' 'cmTC_879aa' '-shared-libgcc' '-mtune=generic' '-march=x86-64'
 /usr/lib/gcc/x86_64-linux-gnu/7/collect2 -plugin /usr/lib/gcc/x86_64-linux-gnu/7/liblto_plugin.so -plugin-opt=/usr/lib/gcc/x86_64-linux-gnu/7/lto-wrapper -plugin-opt=-fresolution=/tmp/cc38mLDL.res -plugin-opt=-pass-through=-lgcc_s -plugin-opt=-pass-through=-lgcc -plugin-opt=-pass-through=-lc -plugin-opt=-pass-through=-lgcc_s -plugin-opt=-pass-through=-lgcc --sysroot=/ --build-id --eh-frame-hdr -m elf_x86_64 --hash-style=gnu --as-needed -dynamic-linker /lib64/ld-linux-x86-64.so.2 -pie -z now -z relro -o cmTC_879aa /usr/lib/gcc/x86_64-linux-gnu/7/../../../x86_64-linux-gnu/Scrt1.o /usr/lib/gcc/x86_64-linux-gnu/7/../../../x86_64-linux-gnu/crti.o /usr/lib/gcc/x86_64-linux-gnu/7/crtbeginS.o -L/usr/lib/gcc/x86_64-linux-gnu/7 -L/usr/lib/gcc/x86_64-linux-gnu/7/../../../x86_64-linux-gnu -L/usr/lib/gcc/x86_64-linux-gnu/7/../../../../lib -L/lib/x86_64-linux-gnu -L/lib/../lib -L/usr/lib/x86_64-linux-gnu -L/usr/lib/../lib -L/usr/lib/gcc/x86_64-linux-gnu/7/../../.. CMakeFiles/cmTC_879aa.dir/CMakeCXXCompilerABI.cpp.o -lstdc++ -lm -lgcc_s -lgcc -lc -lgcc_s -lgcc /usr/lib/gcc/x86_64-linux-gnu/7/crtendS.o /usr/lib/gcc/x86_64-linux-gnu/7/../../../x86_64-linux-gnu/crtn.o
COLLECT_GCC_OPTIONS='-v' '-o' 'cmTC_879aa' '-shared-libgcc' '-mtune=generic' '-march=x86-64'
make[1]: Leaving directory '/home/parallels/work/NetCamera/build/CMakeFiles/CMakeTmp'


Parsed CXX implicit link information from above output:
  link line regex: [^( *|.*[/\])(ld|CMAKE_LINK_STARTFILE-NOTFOUND|([^/\]+-)?ld|collect2)[^/\]*( |$)]
  ignore line: [Change Dir: /home/parallels/work/NetCamera/build/CMakeFiles/CMakeTmp]
  ignore line: []
  ignore line: [Run Build Command:"/usr/bin/make" "cmTC_879aa/fast"]
  ignore line: [/usr/bin/make -f CMakeFiles/cmTC_879aa.dir/build.make CMakeFiles/cmTC_879aa.dir/build]
  ignore line: [make[1]: Entering directory '/home/parallels/work/NetCamera/build/CMakeFiles/CMakeTmp']
  ignore line: [Building CXX object CMakeFiles/cmTC_879aa.dir/CMakeCXXCompilerABI.cpp.o]
  ignore line: [/usr/bin/c++     -o CMakeFiles/cmTC_879aa.dir/CMakeCXXCompilerABI.cpp.o -c /usr/share/cmake-3.10/Modules/CMakeCXXCompilerABI.cpp]
  ignore line: [Linking CXX executable cmTC_879aa]
  ignore line: [/usr/bin/cmake -E cmake_link_script CMakeFiles/cmTC_879aa.dir/link.txt --verbose=1]
  ignore line: [/usr/bin/c++      -v CMakeFiles/cmTC_879aa.dir/CMakeCXXCompilerABI.cpp.o  -o cmTC_879aa ]
  ignore line: [Using built-in specs.]
  ignore line: [COLLECT_GCC=/usr/bin/c++]
  ignore line: [COLLECT_LTO_WRAPPER=/usr/lib/gcc/x86_64-linux-gnu/7/lto-wrapper]
  ignore line: [OFFLOAD_TARGET_NAMES=nvptx-none]
  ignore line: [OFFLOAD_TARGET_DEFAULT=1]
  ignore line: [Target: x86_64-linux-gnu]
  ignore line: [Configured with: ../src/configure -v --with-pkgversion='Ubuntu 7.4.0-1ubuntu1~18.04.1' --with-bugurl=file:///usr/share/doc/gcc-7/README.Bugs --enable-languages=c,ada,c++,go,brig,d,fortran,objc,obj-c++ --prefix=/usr --with-gcc-major-version-only --program-suffix=-7 --program-prefix=x86_64-linux-gnu- --enable-shared --enable-linker-build-id --libexecdir=/usr/lib --without-included-gettext --enable-threads=posix --libdir=/usr/lib --enable-nls --with-sysroot=/ --enable-clocale=gnu --enable-libstdcxx-debug --enable-libstdcxx-time=yes --with-default-libstdcxx-abi=new --enable-gnu-unique-object --disable-vtable-verify --enable-libmpx --enable-plugin --enable-default-pie --with-system-zlib --with-target-system-zlib --enable-objc-gc=auto --enable-multiarch --disable-werror --with-arch-32=i686 --with-abi=m64 --with-multilib-list=m32,m64,mx32 --enable-multilib --with-tune=generic --enable-offload-targets=nvptx-none --without-cuda-driver --enable-checking=release --build=x86_64-linux-gnu --host=x86_64-linux-gnu --target=x86_64-linux-gnu]
  ignore line: [Thread model: posix]
  ignore line: [gcc version 7.4.0 (Ubuntu 7.4.0-1ubuntu1~18.04.1) ]
  ignore line: [COMPILER_PATH=/usr/lib/gcc/x86_64-linux-gnu/7/:/usr/lib/gcc/x86_64-linux-gnu/7/:/usr/lib/gcc/x86_64-linux-gnu/:/usr/lib/gcc/x86_64-linux-gnu/7/:/usr/lib/gcc/x86_64-linux-gnu/]
  ignore line: [LIBRARY_PATH=/usr/lib/gcc/x86_64-linux-gnu/7/:/usr/lib/gcc/x86_64-linux-gnu/7/../../../x86_64-linux-gnu/:/usr/lib/gcc/x86_64-linux-gnu/7/../../../../lib/:/lib/x86_64-linux-gnu/:/lib/../lib/:/usr/lib/x86_64-linux-gnu/:/usr/lib/../lib/:/usr/lib/gcc/x86_64-linux-gnu/7/../../../:/lib/:/usr/lib/]
  ignore line: [COLLECT_GCC_OPTIONS='-v' '-o' 'cmTC_879aa' '-shared-libgcc' '-mtune=generic' '-march=x86-64']
  link line: [ /usr/lib/gcc/x86_64-linux-gnu/7/collect2 -plugin /usr/lib/gcc/x86_64-linux-gnu/7/liblto_plugin.so -plugin-opt=/usr/lib/gcc/x86_64-linux-gnu/7/lto-wrapper -plugin-opt=-fresolution=/tmp/cc38mLDL.res -plugin-opt=-pass-through=-lgcc_s -plugin-opt=-pass-through=-lgcc -plugin-opt=-pass-through=-lc -plugin-opt=-pass-through=-lgcc_s -plugin-opt=-pass-through=-lgcc --sysroot=/ --build-id --eh-frame-hdr -m elf_x86_64 --hash-style=gnu --as-needed -dynamic-linker /lib64/ld-linux-x86-64.so.2 -pie -z now -z relro -o cmTC_879aa /usr/lib/gcc/x86_64-linux-gnu/7/../../../x86_64-linux-gnu/Scrt1.o /usr/lib/gcc/x86_64-linux-gnu/7/../../../x86_64-linux-gnu/crti.o /usr/lib/gcc/x86_64-linux-gnu/7/crtbeginS.o -L/usr/lib/gcc/x86_64-linux-gnu/7 -L/usr/lib/gcc/x86_64-linux-gnu/7/../../../x86_64-linux-gnu -L/usr/lib/gcc/x86_64-linux-gnu/7/../../../../lib -L/lib/x86_64-linux-gnu -L/lib/../lib -L/usr/lib/x86_64-linux-gnu -L/usr/lib/../lib -L/usr/lib/gcc/x86_64-linux-gnu/7/../../.. CMakeFiles/cmTC_879aa.dir/CMakeCXXCompilerABI.cpp.o -lstdc++ -lm -lgcc_s -lgcc -lc -lgcc_s -lgcc /usr/lib/gcc/x86_64-linux-gnu/7/crtendS.o /usr/lib/gcc/x86_64-linux-gnu/7/../../../x86_64-linux-gnu/crtn.o]
    arg [/usr/lib/gcc/x86_64-linux-gnu/7/collect2] ==> ignore
    arg [-plugin] ==> ignore
    arg [/usr/lib/gcc/x86_64-linux-gnu/7/liblto_plugin.so] ==> ignore
    arg [-plugin-opt=/usr/lib/gcc/x86_64-linux-gnu/7/lto-wrapper] ==> ignore
    arg [-plugin-opt=-fresolution=/tmp/cc38mLDL.res] ==> ignore
    arg [-plugin-opt=-pass-through=-lgcc_s] ==> ignore
    arg [-plugin-opt=-pass-through=-lgcc] ==> ignore
    arg [-plugin-opt=-pass-through=-lc] ==> ignore
    arg [-plugin-opt=-pass-through=-lgcc_s] ==> ignore
    arg [-plugin-opt=-pass-through=-lgcc] ==> ignore
    arg [--sysroot=/] ==> ignore
    arg [--build-id] ==> ignore
    arg [--eh-frame-hdr] ==> ignore
    arg [-m] ==> ignore
    arg [elf_x86_64] ==> ignore
    arg [--hash-style=gnu] ==> ignore
    arg [--as-needed] ==> ignore
    arg [-dynamic-linker] ==> ignore
    arg [/lib64/ld-linux-x86-64.so.2] ==> ignore
    arg [-pie] ==> ignore
    arg [-znow] ==> ignore
    arg [-zrelro] ==> ignore
    arg [-o] ==> ignore
    arg [cmTC_879aa] ==> ignore
    arg [/usr/lib/gcc/x86_64-linux-gnu/7/../../../x86_64-linux-gnu/Scrt1.o] ==> ignore
    arg [/usr/lib/gcc/x86_64-linux-gnu/7/../../../x86_64-linux-gnu/crti.o] ==> ignore
    arg [/usr/lib/gcc/x86_64-linux-gnu/7/crtbeginS.o] ==> ignore
    arg [-L/usr/lib/gcc/x86_64-linux-gnu/7] ==> dir [/usr/lib/gcc/x86_64-linux-gnu/7]
    arg [-L/usr/lib/gcc/x86_64-linux-gnu/7/../../../x86_64-linux-gnu] ==> dir [/usr/lib/gcc/x86_64-linux-gnu/7/../../../x86_64-linux-gnu]
    arg [-L/usr/lib/gcc/x86_64-linux-gnu/7/../../../../lib] ==> dir [/usr/lib/gcc/x86_64-linux-gnu/7/../../../../lib]
    arg [-L/lib/x86_64-linux-gnu] ==> dir [/lib/x86_64-linux-gnu]
    arg [-L/lib/../lib] ==> dir [/lib/../lib]
    arg [-L/usr/lib/x86_64-linux-gnu] ==> dir [/usr/lib/x86_64-linux-gnu]
    arg [-L/usr/lib/../lib] ==> dir [/usr/lib/../lib]
    arg [-L/usr/lib/gcc/x86_64-linux-gnu/7/../../..] ==> dir [/usr/lib/gcc/x86_64-linux-gnu/7/../../..]
    arg [CMakeFiles/cmTC_879aa.dir/CMakeCXXCompilerABI.cpp.o] ==> ignore
    arg [-lstdc++] ==> lib [stdc++]
    arg [-lm] ==> lib [m]
    arg [-lgcc_s] ==> lib [gcc_s]
    arg [-lgcc] ==> lib [gcc]
    arg [-lc] ==> lib [c]
    arg [-lgcc_s] ==> lib [gcc_s]
    arg [-lgcc] ==> lib [gcc]
    arg [/usr/lib/gcc/x86_64-linux-gnu/7/crtendS.o] ==> ignore
    arg [/usr/lib/gcc/x86_64-linux-gnu/7/../../../x86_64-linux-gnu/crtn.o] ==> ignore
  collapse library dir [/usr/lib/gcc/x86_64-linux-gnu/7] ==> [/usr/lib/gcc/x86_64-linux-gnu/7]
  collapse library dir [/usr/lib/gcc/x86_64-linux-gnu/7/../../../x86_64-linux-gnu] ==> [/usr/lib/x86_64-linux-gnu]
  collapse library dir [/usr/lib/gcc/x86_64-linux-gnu/7/../../../../lib] ==> [/usr/lib]
  collapse library dir [/lib/x86_64-linux-gnu] ==> [/lib/x86_64-linux-gnu]
  collapse library dir [/lib/../lib] ==> [/lib]
  collapse library dir [/usr/lib/x86_64-linux-gnu] ==> [/usr/lib/x86_64-linux-gnu]
  collapse library dir [/usr/lib/../lib] ==> [/usr/lib]
  collapse library dir [/usr/lib/gcc/x86_64-linux-gnu/7/../../..] ==> [/usr/lib]
  implicit libs: [stdc++;m;gcc_s;gcc;c;gcc_s;gcc]
  implicit dirs: [/usr/lib/gcc/x86_64-linux-gnu/7;/usr/lib/x86_64-linux-gnu;/usr/lib;/lib/x86_64-linux-gnu;/lib]
  implicit fwks: []




Detecting CXX [-std=c++1z] compiler features compiled with the following output:
Change Dir: /home/parallels/work/NetCamera/build/CMakeFiles/CMakeTmp

Run Build Command:"/usr/bin/make" "cmTC_c7a4d/fast"
/usr/bin/make -f CMakeFiles/cmTC_c7a4d.dir/build.make CMakeFiles/cmTC_c7a4d.dir/build
make[1]: Entering directory '/home/parallels/work/NetCamera/build/CMakeFiles/CMakeTmp'
Building CXX object CMakeFiles/cmTC_c7a4d.dir/feature_tests.cxx.o
/usr/bin/c++    -std=c++1z -o CMakeFiles/cmTC_c7a4d.dir/feature_tests.cxx.o -c /home/parallels/work/NetCamera/build/CMakeFiles/feature_tests.cxx
Linking CXX executable cmTC_c7a4d
/usr/bin/cmake -E cmake_link_script CMakeFiles/cmTC_c7a4d.dir/link.txt --verbose=1
/usr/bin/c++       CMakeFiles/cmTC_c7a4d.dir/feature_tests.cxx.o  -o cmTC_c7a4d 
make[1]: Leaving directory '/home/parallels/work/NetCamera/build/CMakeFiles/CMakeTmp'


    Feature record: CXX_FEATURE:1cxx_aggregate_default_initializers
    Feature record: CXX_FEATURE:1cxx_alias_templates
    Feature record: CXX_FEATURE:1cxx_alignas
    Feature record: CXX_FEATURE:1cxx_alignof
    Feature record: CXX_FEATURE:1cxx_attributes
    Feature record: CXX_FEATURE:1cxx_attribute_deprecated
    Feature record: CXX_FEATURE:1cxx_auto_type
    Feature record: CXX_FEATURE:1cxx_binary_literals
    Feature record: CXX_FEATURE:1cxx_constexpr
    Feature record: CXX_FEATURE:1cxx_contextual_conversions
    Feature record: CXX_FEATURE:1cxx_decltype
    Feature record: CXX_FEATURE:1cxx_decltype_auto
    Feature record: CXX_FEATURE:1cxx_decltype_incomplete_return_types
    Feature record: CXX_FEATURE:1cxx_default_function_template_args
    Feature record: CXX_FEATURE:1cxx_defaulted_functions
    Feature record: CXX_FEATURE:1cxx_defaulted_move_initializers
    Feature record: CXX_FEATURE:1cxx_delegating_constructors
    Feature record: CXX_FEATURE:1cxx_deleted_functions
    Feature record: CXX_FEATURE:1cxx_digit_separators
    Feature record: CXX_FEATURE:1cxx_enum_forward_declarations
    Feature record: CXX_FEATURE:1cxx_explicit_conversions
    Feature record: CXX_FEATURE:1cxx_extended_friend_declarations
    Feature record: CXX_FEATURE:1cxx_extern_templates
    Feature record: CXX_FEATURE:1cxx_final
    Feature record: CXX_FEATURE:1cxx_func_identifier
    Feature record: CXX_FEATURE:1cxx_generalized_initializers
    Feature record: CXX_FEATURE:1cxx_generic_lambdas
    Feature record: CXX_FEATURE:1cxx_inheriting_constructors
    Feature record: CXX_FEATURE:1cxx_inline_namespaces
    Feature record: CXX_FEATURE:1cxx_lambdas
    Feature record: CXX_FEATURE:1cxx_lambda_init_captures
    Feature record: CXX_FEATURE:1cxx_local_type_template_args
    Feature record: CXX_FEATURE:1cxx_long_long_type
    Feature record: CXX_FEATURE:1cxx_noexcept
    Feature record: CXX_FEATURE:1cxx_nonstatic_member_init
    Feature record: CXX_FEATURE:1cxx_nullptr
    Feature record: CXX_FEATURE:1cxx_override
    Feature record: CXX_FEATURE:1cxx_range_for
    Feature record: CXX_FEATURE:1cxx_raw_string_literals
    Feature record: CXX_FEATURE:1cxx_reference_qualified_functions
    Feature record: CXX_FEATURE:1cxx_relaxed_constexpr
    Feature record: CXX_FEATURE:1cxx_return_type_deduction
    Feature record: CXX_FEATURE:1cxx_right_angle_brackets
    Feature record: CXX_FEATURE:1cxx_rvalue_references
    Feature record: CXX_FEATURE:1cxx_sizeof_member
    Feature record: CXX_FEATURE:1cxx_static_assert
    Feature record: CXX_FEATURE:1cxx_strong_enums
    Feature record: CXX_FEATURE:1cxx_template_template_parameters
    Feature record: CXX_FEATURE:1cxx_thread_local
    Feature record: CXX_FEATURE:1cxx_trailing_return_types
    Feature record: CXX_FEATURE:1cxx_unicode_literals
    Feature record: CXX_FEATURE:1cxx_uniform_initialization
    Feature record: CXX_FEATURE:1cxx_unrestricted_unions
    Feature record: CXX_FEATURE:1cxx_user_literals
    Feature record: CXX_FEATURE:1cxx_variable_templates
    Feature record: CXX_FEATURE:1cxx_variadic_macros
    Feature record: CXX_FEATURE:1cxx_variadic_templates


Detecting CXX [-std=c++14] compiler features compiled with the following output:
Change Dir: /home/parallels/work/NetCamera/build/CMakeFiles/CMakeTmp

Run Build Command:"/usr/bin/make" "cmTC_25a3e/fast"
/usr/bin/make -f CMakeFiles/cmTC_25a3e.dir/build.make CMakeFiles/cmTC_25a3e.dir/build
make[1]: Entering directory '/home/parallels/work/NetCamera/build/CMakeFiles/CMakeTmp'
Building CXX object CMakeFiles/cmTC_25a3e.dir/feature_tests.cxx.o
/usr/bin/c++    -std=c++14 -o CMakeFiles/cmTC_25a3e.dir/feature_tests.cxx.o -c /home/parallels/work/NetCamera/build/CMakeFiles/feature_tests.cxx
Linking CXX executable cmTC_25a3e
/usr/bin/cmake -E cmake_link_script CMakeFiles/cmTC_25a3e.dir/link.txt --verbose=1
/usr/bin/c++       CMakeFiles/cmTC_25a3e.dir/feature_tests.cxx.o  -o cmTC_25a3e 
make[1]: Leaving directory '/home/parallels/work/NetCamera/build/CMakeFiles/CMakeTmp'


    Feature record: CXX_FEATURE:1cxx_aggregate_default_initializers
    Feature record: CXX_FEATURE:1cxx_alias_templates
    Feature record: CXX_FEATURE:1cxx_alignas
    Feature record: CXX_FEATURE:1cxx_alignof
    Feature record: CXX_FEATURE:1cxx_attributes
    Feature record: CXX_FEATURE:1cxx_attribute_deprecated
    Feature record: CXX_FEATURE:1cxx_auto_type
    Feature record: CXX_FEATURE:1cxx_binary_literals
    Feature record: CXX_FEATURE:1cxx_constexpr
    Feature record: CXX_FEATURE:1cxx_contextual_conversions
    Feature record: CXX_FEATURE:1cxx_decltype
    Feature record: CXX_FEATURE:1cxx_decltype_auto
    Feature record: CXX_FEATURE:1cxx_decltype_incomplete_return_types
    Feature record: CXX_FEATURE:1cxx_default_function_template_args
    Feature record: CXX_FEATURE:1cxx_defaulted_functions
    Feature record: CXX_FEATURE:1cxx_defaulted_move_initializers
    Feature record: CXX_FEATURE:1cxx_delegating_constructors
    Feature record: CXX_FEATURE:1cxx_deleted_functions
    Feature record: CXX_FEATURE:1cxx_digit_separators
    Feature record: CXX_FEATURE:1cxx_enum_forward_declarations
    Feature record: CXX_FEATURE:1cxx_explicit_conversions
    Feature record: CXX_FEATURE:1cxx_extended_friend_declarations
    Feature record: CXX_FEATURE:1cxx_extern_templates
    Feature record: CXX_FEATURE:1cxx_final
    Feature record: CXX_FEATURE:1cxx_func_identifier
    Feature record: CXX_FEATURE:1cxx_generalized_initializers
    Feature record: CXX_FEATURE:1cxx_generic_lambdas
    Feature record: CXX_FEATURE:1cxx_inheriting_constructors
    Feature record: CXX_FEATURE:1cxx_inline_namespaces
    Feature record: CXX_FEATURE:1cxx_lambdas
    Feature record: CXX_FEATURE:1cxx_lambda_init_captures
    Feature record: CXX_FEATURE:1cxx_local_type_template_args
    Feature record: CXX_FEATURE:1cxx_long_long_type
    Feature record: CXX_FEATURE:1cxx_noexcept
    Feature record: CXX_FEATURE:1cxx_nonstatic_member_init
    Feature record: CXX_FEATURE:1cxx_nullptr
    Feature record: CXX_FEATURE:1cxx_override
    Feature record: CXX_FEATURE:1cxx_range_for
    Feature record: CXX_FEATURE:1cxx_raw_string_literals
    Feature record: CXX_FEATURE:1cxx_reference_qualified_functions
    Feature record: CXX_FEATURE:1cxx_relaxed_constexpr
    Feature record: CXX_FEATURE:1cxx_return_type_deduction
    Feature record: CXX_FEATURE:1cxx_right_angle_brackets
    Feature record: CXX_FEATURE:1cxx_rvalue_references
    Feature record: CXX_FEATURE:1cxx_sizeof_member
    Feature record: CXX_FEATURE:1cxx_static_assert
    Feature record: CXX_FEATURE:1cxx_strong_enums
    Feature record: CXX_FEATURE:1cxx_template_template_parameters
    Feature record: CXX_FEATURE:1cxx_thread_local
    Feature record: CXX_FEATURE:1cxx_trailing_return_types
    Feature record: CXX_FEATURE:1cxx_unicode_literals
    Feature record: CXX_FEATURE:1cxx_uniform_initialization
    Feature record: CXX_FEATURE:1cxx_unrestricted_unions
    Feature record: CXX_FEATURE:1cxx_user_literals
    Feature record: CXX_FEATURE:1cxx_variable_templates
    Feature record: CXX_FEATURE:1cxx_variadic_macros
    Feature record: CXX_FEATURE:1cxx_variadic_templates


Detecting CXX [-std=c++11] compiler features compiled with the following output:
Change Dir: /home/parallels/work/NetCamera/build/CMakeFiles/CMakeTmp

Run Build Command:"/usr/bin/make" "cmTC_02069/fast"
/usr/bin/make -f CMakeFiles/cmTC_02069.dir/build.make CMakeFiles/cmTC_02069.dir/build
make[1]: Entering directory '/home/parallels/work/NetCamera/build/CMakeFiles/CMakeTmp'
Building CXX object CMakeFiles/cmTC_02069.dir/feature_tests.cxx.o
/usr/bin/c++    -std=c++11 -o CMakeFiles/cmTC_02069.dir/feature_tests.cxx.o -c /home/parallels/work/NetCamera/build/CMakeFiles/feature_tests.cxx
Linking CXX executable cmTC_02069
/usr/bin/cmake -E cmake_link_script CMakeFiles/cmTC_02069.dir/link.txt --verbose=1
/usr/bin/c++       CMakeFiles/cmTC_02069.dir/feature_tests.cxx.o  -o cmTC_02069 
make[1]: Leaving directory '/home/parallels/work/NetCamera/build/CMakeFiles/CMakeTmp'


    Feature record: CXX_FEATURE:0cxx_aggregate_default_initializers
    Feature record: CXX_FEATURE:1cxx_alias_templates
    Feature record: CXX_FEATURE:1cxx_alignas
    Feature record: CXX_FEATURE:1cxx_alignof
    Feature record: CXX_FEATURE:1cxx_attributes
    Feature record: CXX_FEATURE:0cxx_attribute_deprecated
    Feature record: CXX_FEATURE:1cxx_auto_type
    Feature record: CXX_FEATURE:0cxx_binary_literals
    Feature record: CXX_FEATURE:1cxx_constexpr
    Feature record: CXX_FEATURE:0cxx_contextual_conversions
    Feature record: CXX_FEATURE:1cxx_decltype
    Feature record: CXX_FEATURE:0cxx_decltype_auto
    Feature record: CXX_FEATURE:1cxx_decltype_incomplete_return_types
    Feature record: CXX_FEATURE:1cxx_default_function_template_args
    Feature record: CXX_FEATURE:1cxx_defaulted_functions
    Feature record: CXX_FEATURE:1cxx_defaulted_move_initializers
    Feature record: CXX_FEATURE:1cxx_delegating_constructors
    Feature record: CXX_FEATURE:1cxx_deleted_functions
    Feature record: CXX_FEATURE:0cxx_digit_separators
    Feature record: CXX_FEATURE:1cxx_enum_forward_declarations
    Feature record: CXX_FEATURE:1cxx_explicit_conversions
    Feature record: CXX_FEATURE:1cxx_extended_friend_declarations
    Feature record: CXX_FEATURE:1cxx_extern_templates
    Feature record: CXX_FEATURE:1cxx_final
    Feature record: CXX_FEATURE:1cxx_func_identifier
    Feature record: CXX_FEATURE:1cxx_generalized_initializers
    Feature record: CXX_FEATURE:0cxx_generic_lambdas
    Feature record: CXX_FEATURE:1cxx_inheriting_constructors
    Feature record: CXX_FEATURE:1cxx_inline_namespaces
    Feature record: CXX_FEATURE:1cxx_lambdas
    Feature record: CXX_FEATURE:0cxx_lambda_init_captures
    Feature record: CXX_FEATURE:1cxx_local_type_template_args
    Feature record: CXX_FEATURE:1cxx_long_long_type
    Feature record: CXX_FEATURE:1cxx_noexcept
    Feature record: CXX_FEATURE:1cxx_nonstatic_member_init
    Feature record: CXX_FEATURE:1cxx_nullptr
    Feature record: CXX_FEATURE:1cxx_override
    Feature record: CXX_FEATURE:1cxx_range_for
    Feature record: CXX_FEATURE:1cxx_raw_string_literals
    Feature record: CXX_FEATURE:1cxx_reference_qualified_functions
    Feature record: CXX_FEATURE:0cxx_relaxed_constexpr
    Feature record: CXX_FEATURE:0cxx_return_type_deduction
    Feature record: CXX_FEATURE:1cxx_right_angle_brackets
    Feature record: CXX_FEATURE:1cxx_rvalue_references
    Feature record: CXX_FEATURE:1cxx_sizeof_member
    Feature record: CXX_FEATURE:1cxx_static_assert
    Feature record: CXX_FEATURE:1cxx_strong_enums
    Feature record: CXX_FEATURE:1cxx_template_template_parameters
    Feature record: CXX_FEATURE:1cxx_thread_local
    Feature record: CXX_FEATURE:1cxx_trailing_return_types
    Feature record: CXX_FEATURE:1cxx_unicode_literals
    Feature record: CXX_FEATURE:1cxx_uniform_initialization
    Feature record: CXX_FEATURE:1cxx_unrestricted_unions
    Feature record: CXX_FEATURE:1cxx_user_literals
    Feature record: CXX_FEATURE:0cxx_variable_templates
    Feature record: CXX_FEATURE:1cxx_variadic_macros
    Feature record: CXX_FEATURE:1cxx_variadic_templates


Detecting CXX [-std=c++98] compiler features compiled with the following output:
Change Dir: /home/parallels/work/NetCamera/build/CMakeFiles/CMakeTmp

Run Build Command:"/usr/bin/make" "cmTC_5c203/fast"
/usr/bin/make -f CMakeFiles/cmTC_5c203.dir/build.make CMakeFiles/cmTC_5c203.dir/build
make[1]: Entering directory '/home/parallels/work/NetCamera/build/CMakeFiles/CMakeTmp'
Building CXX object CMakeFiles/cmTC_5c203.dir/feature_tests.cxx.o
/usr/bin/c++    -std=c++98 -o CMakeFiles/cmTC_5c203.dir/feature_tests.cxx.o -c /home/parallels/work/NetCamera/build/CMakeFiles/feature_tests.cxx
Linking CXX executable cmTC_5c203
/usr/bin/cmake -E cmake_link_script CMakeFiles/cmTC_5c203.dir/link.txt --verbose=1
/usr/bin/c++       CMakeFiles/cmTC_5c203.dir/feature_tests.cxx.o  -o cmTC_5c203 
make[1]: Leaving directory '/home/parallels/work/NetCamera/build/CMakeFiles/CMakeTmp'


    Feature record: CXX_FEATURE:0cxx_aggregate_default_initializers
    Feature record: CXX_FEATURE:0cxx_alias_templates
    Feature record: CXX_FEATURE:0cxx_alignas
    Feature record: CXX_FEATURE:0cxx_alignof
    Feature record: CXX_FEATURE:0cxx_attributes
    Feature record: CXX_FEATURE:0cxx_attribute_deprecated
    Feature record: CXX_FEATURE:0cxx_auto_type
    Feature record: CXX_FEATURE:0cxx_binary_literals
    Feature record: CXX_FEATURE:0cxx_constexpr
    Feature record: CXX_FEATURE:0cxx_contextual_conversions
    Feature record: CXX_FEATURE:0cxx_decltype
    Feature record: CXX_FEATURE:0cxx_decltype_auto
    Feature record: CXX_FEATURE:0cxx_decltype_incomplete_return_types
    Feature record: CXX_FEATURE:0cxx_default_function_template_args
    Feature record: CXX_FEATURE:0cxx_defaulted_functions
    Feature record: CXX_FEATURE:0cxx_defaulted_move_initializers
    Feature record: CXX_FEATURE:0cxx_delegating_constructors
    Feature record: CXX_FEATURE:0cxx_deleted_functions
    Feature record: CXX_FEATURE:0cxx_digit_separators
    Feature record: CXX_FEATURE:0cxx_enum_forward_declarations
    Feature record: CXX_FEATURE:0cxx_explicit_conversions
    Feature record: CXX_FEATURE:0cxx_extended_friend_declarations
    Feature record: CXX_FEATURE:0cxx_extern_templates
    Feature record: CXX_FEATURE:0cxx_final
    Feature record: CXX_FEATURE:0cxx_func_identifier
    Feature record: CXX_FEATURE:0cxx_generalized_initializers
    Feature record: CXX_FEATURE:0cxx_generic_lambdas
    Feature record: CXX_FEATURE:0cxx_inheriting_constructors
    Feature record: CXX_FEATURE:0cxx_inline_namespaces
    Feature record: CXX_FEATURE:0cxx_lambdas
    Feature record: CXX_FEATURE:0cxx_lambda_init_captures
    Feature record: CXX_FEATURE:0cxx_local_type_template_args
    Feature record: CXX_FEATURE:0cxx_long_long_type
    Feature record: CXX_FEATURE:0cxx_noexcept
    Feature record: CXX_FEATURE:0cxx_nonstatic_member_init
    Feature record: CXX_FEATURE:0cxx_nullptr
    Feature record: CXX_FEATURE:0cxx_override
    Feature record: CXX_FEATURE:0cxx_range_for
    Feature record: CXX_FEATURE:0cxx_raw_string_literals
    Feature record: CXX_FEATURE:0cxx_reference_qualified_functions
    Feature record: CXX_FEATURE:0cxx_relaxed_constexpr
    Feature record: CXX_FEATURE:0cxx_return_type_deduction
    Feature record: CXX_FEATURE:0cxx_right_angle_brackets
    Feature record: CXX_FEATURE:0cxx_rvalue_references
    Feature record: CXX_FEATURE:0cxx_sizeof_member
    Feature record: CXX_FEATURE:0cxx_static_assert
    Feature record: CXX_FEATURE:0cxx_strong_enums
    Feature record: CXX_FEATURE:1cxx_template_template_parameters
    Feature record: CXX_FEATURE:0cxx_thread_local
    Feature record: CXX_FEATURE:0cxx_trailing_return_types
    Feature record: CXX_FEATURE:0cxx_unicode_literals
    Feature record: CXX_FEATURE:0cxx_uniform_initialization
    Feature record: CXX_FEATURE:0cxx_unrestricted_unions
    Feature record: CXX_FEATURE:0cxx_user_literals
    Feature record: CXX_FEATURE:0cxx_variable_templates
    Feature record: CXX_FEATURE:0cxx_variadic_macros
    Feature record: CXX_FEATURE:0cxx_variadic_templates
Determining if the include file pthread.h exists passed with the following output:
Change Dir: /home/parallels/work/NetCamera/build/CMakeFiles/CMakeTmp

Run Build Command:"/usr/bin/make" "cmTC_81e0e/fast"
/usr/bin/make -f CMakeFiles/cmTC_81e0e.dir/build.make CMakeFiles/cmTC_81e0e.dir/build
make[1]: Entering directory '/home/parallels/work/NetCamera/build/CMakeFiles/CMakeTmp'
Building C object CMakeFiles/cmTC_81e0e.dir/CheckIncludeFile.c.o
/usr/bin/cc    -o CMakeFiles/cmTC_81e0e.dir/CheckIncludeFile.c.o   -c /home/parallels/work/NetCamera/build/CMakeFiles/CMakeTmp/CheckIncludeFile.c
Linking C executable cmTC_81e0e
/usr/bin/cmake -E cmake_link_script CMakeFiles/cmTC_81e0e.dir/link.txt --verbose=1
/usr/bin/cc      CMakeFiles/cmTC_81e0e.dir/CheckIncludeFile.c.o  -o cmTC_81e0e 
make[1]: Leaving directory '/home/parallels/work/NetCamera/build/CMakeFiles/CMakeTmp'


Determining if the function pthread_create exists in the pthread passed with the following output:
Change Dir: /home/parallels/work/NetCamera/build/CMakeFiles/CMakeTmp

Run Build Command:"/usr/bin/make" "cmTC_f9511/fast"
/usr/bin/make -f CMakeFiles/cmTC_f9511.dir/build.make CMakeFiles/cmTC_f9511.dir/build
make[1]: Entering directory '/home/parallels/work/NetCamera/build/CMakeFiles/CMakeTmp'
Building C object CMakeFiles/cmTC_f9511.dir/CheckFunctionExists.c.o
/usr/bin/cc   -DCHECK_FUNCTION_EXISTS=pthread_create   -o CMakeFiles/cmTC_f9511.dir/CheckFunctionExists.c.o   -c /usr/share/cmake-3.10/Modules/CheckFunctionExists.c
Linking C executable cmTC_f9511
/usr/bin/cmake -E cmake_link_script CMakeFiles/cmTC_f9511.dir/link.txt --verbose=1
/usr/bin/cc  -DCHECK_FUNCTION_EXISTS=pthread_create    CMakeFiles/cmTC_f9511.dir/CheckFunctionExists.c.o  -o cmTC_f9511 -lpthread 
make[1]: Leaving directory '/home/parallels/work/NetCamera/build/CMakeFiles/CMakeTmp'


Performing C++ SOURCE FILE Test JTHREAD_HAVE_PTHREADCANCEL succeeded with the following output:
Change Dir: /home/parallels/work/NetCamera/build/CMakeFiles/CMakeTmp

Run Build Command:"/usr/bin/make" "cmTC_8bbda/fast"
/usr/bin/make -f CMakeFiles/cmTC_8bbda.dir/build.make CMakeFiles/cmTC_8bbda.dir/build
make[1]: Entering directory '/home/parallels/work/NetCamera/build/CMakeFiles/CMakeTmp'
Building CXX object CMakeFiles/cmTC_8bbda.dir/src.cxx.o
/usr/bin/c++    -DJTHREAD_HAVE_PTHREADCANCEL   -o CMakeFiles/cmTC_8bbda.dir/src.cxx.o -c /home/parallels/work/NetCamera/build/CMakeFiles/CMakeTmp/src.cxx
Linking CXX executable cmTC_8bbda
/usr/bin/cmake -E cmake_link_script CMakeFiles/cmTC_8bbda.dir/link.txt --verbose=1
/usr/bin/c++   -DJTHREAD_HAVE_PTHREADCANCEL    -rdynamic CMakeFiles/cmTC_8bbda.dir/src.cxx.o  -o cmTC_8bbda -lpthread 
make[1]: Leaving directory '/home/parallels/work/NetCamera/build/CMakeFiles/CMakeTmp'

Source file was:
#include <pthread.h>
int main(void) { pthread_cancel((pthread_t)0); return 0; }
Determining if the include file netinet/in.h exists passed with the following output:
Change Dir: /home/parallels/work/NetCamera/build/CMakeFiles/CMakeTmp

Run Build Command:"/usr/bin/make" "cmTC_3c23d/fast"
/usr/bin/make -f CMakeFiles/cmTC_3c23d.dir/build.make CMakeFiles/cmTC_3c23d.dir/build
make[1]: Entering directory '/home/parallels/work/NetCamera/build/CMakeFiles/CMakeTmp'
Building CXX object CMakeFiles/cmTC_3c23d.dir/CheckIncludeFile.cxx.o
/usr/bin/c++     -o CMakeFiles/cmTC_3c23d.dir/CheckIncludeFile.cxx.o -c /home/parallels/work/NetCamera/build/CMakeFiles/CMakeTmp/CheckIncludeFile.cxx
Linking CXX executable cmTC_3c23d
/usr/bin/cmake -E cmake_link_script CMakeFiles/cmTC_3c23d.dir/link.txt --verbose=1
/usr/bin/c++       -rdynamic CMakeFiles/cmTC_3c23d.dir/CheckIncludeFile.cxx.o  -o cmTC_3c23d 
make[1]: Leaving directory '/home/parallels/work/NetCamera/build/CMakeFiles/CMakeTmp'


Determining if the include file sys/types.h exists passed with the following output:
Change Dir: /home/parallels/work/NetCamera/build/CMakeFiles/CMakeTmp

Run Build Command:"/usr/bin/make" "cmTC_5caba/fast"
/usr/bin/make -f CMakeFiles/cmTC_5caba.dir/build.make CMakeFiles/cmTC_5caba.dir/build
make[1]: Entering directory '/home/parallels/work/NetCamera/build/CMakeFiles/CMakeTmp'
Building C object CMakeFiles/cmTC_5caba.dir/CheckIncludeFile.c.o
/usr/bin/cc    -o CMakeFiles/cmTC_5caba.dir/CheckIncludeFile.c.o   -c /home/parallels/work/NetCamera/build/CMakeFiles/CMakeTmp/CheckIncludeFile.c
Linking C executable cmTC_5caba
/usr/bin/cmake -E cmake_link_script CMakeFiles/cmTC_5caba.dir/link.txt --verbose=1
/usr/bin/cc      -rdynamic CMakeFiles/cmTC_5caba.dir/CheckIncludeFile.c.o  -o cmTC_5caba 
make[1]: Leaving directory '/home/parallels/work/NetCamera/build/CMakeFiles/CMakeTmp'


Determining if the include file stdint.h exists passed with the following output:
Change Dir: /home/parallels/work/NetCamera/build/CMakeFiles/CMakeTmp

Run Build Command:"/usr/bin/make" "cmTC_6ab2f/fast"
/usr/bin/make -f CMakeFiles/cmTC_6ab2f.dir/build.make CMakeFiles/cmTC_6ab2f.dir/build
make[1]: Entering directory '/home/parallels/work/NetCamera/build/CMakeFiles/CMakeTmp'
Building C object CMakeFiles/cmTC_6ab2f.dir/CheckIncludeFile.c.o
/usr/bin/cc    -o CMakeFiles/cmTC_6ab2f.dir/CheckIncludeFile.c.o   -c /home/parallels/work/NetCamera/build/CMakeFiles/CMakeTmp/CheckIncludeFile.c
Linking C executable cmTC_6ab2f
/usr/bin/cmake -E cmake_link_script CMakeFiles/cmTC_6ab2f.dir/link.txt --verbose=1
/usr/bin/cc      -rdynamic CMakeFiles/cmTC_6ab2f.dir/CheckIncludeFile.c.o  -o cmTC_6ab2f 
make[1]: Leaving directory '/home/parallels/work/NetCamera/build/CMakeFiles/CMakeTmp'


Determining if the include file stddef.h exists passed with the following output:
Change Dir: /home/parallels/work/NetCamera/build/CMakeFiles/CMakeTmp

Run Build Command:"/usr/bin/make" "cmTC_84f25/fast"
/usr/bin/make -f CMakeFiles/cmTC_84f25.dir/build.make CMakeFiles/cmTC_84f25.dir/build
make[1]: Entering directory '/home/parallels/work/NetCamera/build/CMakeFiles/CMakeTmp'
Building C object CMakeFiles/cmTC_84f25.dir/CheckIncludeFile.c.o
/usr/bin/cc    -o CMakeFiles/cmTC_84f25.dir/CheckIncludeFile.c.o   -c /home/parallels/work/NetCamera/build/CMakeFiles/CMakeTmp/CheckIncludeFile.c
Linking C executable cmTC_84f25
/usr/bin/cmake -E cmake_link_script CMakeFiles/cmTC_84f25.dir/link.txt --verbose=1
/usr/bin/cc      -rdynamic CMakeFiles/cmTC_84f25.dir/CheckIncludeFile.c.o  -o cmTC_84f25 
make[1]: Leaving directory '/home/parallels/work/NetCamera/build/CMakeFiles/CMakeTmp'


Determining size of unsigned short passed with the following output:
Change Dir: /home/parallels/work/NetCamera/build/CMakeFiles/CMakeTmp

Run Build Command:"/usr/bin/make" "cmTC_37f05/fast"
/usr/bin/make -f CMakeFiles/cmTC_37f05.dir/build.make CMakeFiles/cmTC_37f05.dir/build
make[1]: Entering directory '/home/parallels/work/NetCamera/build/CMakeFiles/CMakeTmp'
Building C object CMakeFiles/cmTC_37f05.dir/CMAKE_SIZEOF_UNSIGNED_SHORT.c.o
/usr/bin/cc    -o CMakeFiles/cmTC_37f05.dir/CMAKE_SIZEOF_UNSIGNED_SHORT.c.o   -c /home/parallels/work/NetCamera/build/CMakeFiles/CheckTypeSize/CMAKE_SIZEOF_UNSIGNED_SHORT.c
Linking C executable cmTC_37f05
/usr/bin/cmake -E cmake_link_script CMakeFiles/cmTC_37f05.dir/link.txt --verbose=1
/usr/bin/cc      -rdynamic CMakeFiles/cmTC_37f05.dir/CMAKE_SIZEOF_UNSIGNED_SHORT.c.o  -o cmTC_37f05 
make[1]: Leaving directory '/home/parallels/work/NetCamera/build/CMakeFiles/CMakeTmp'


Determining if the system is big endian passed with the following output:
Change Dir: /home/parallels/work/NetCamera/build/CMakeFiles/CMakeTmp

Run Build Command:"/usr/bin/make" "cmTC_59a7c/fast"
/usr/bin/make -f CMakeFiles/cmTC_59a7c.dir/build.make CMakeFiles/cmTC_59a7c.dir/build
make[1]: Entering directory '/home/parallels/work/NetCamera/build/CMakeFiles/CMakeTmp'
Building C object CMakeFiles/cmTC_59a7c.dir/TestEndianess.c.o
/usr/bin/cc    -o CMakeFiles/cmTC_59a7c.dir/TestEndianess.c.o   -c /home/parallels/work/NetCamera/build/CMakeFiles/CMakeTmp/TestEndianess.c
Linking C executable cmTC_59a7c
/usr/bin/cmake -E cmake_link_script CMakeFiles/cmTC_59a7c.dir/link.txt --verbose=1
/usr/bin/cc      -rdynamic CMakeFiles/cmTC_59a7c.dir/TestEndianess.c.o  -o cmTC_59a7c 
make[1]: Leaving directory '/home/parallels/work/NetCamera/build/CMakeFiles/CMakeTmp'

TestEndianess.c:
/* A 16 bit integer is required. */
typedef unsigned short cmakeint16;

/* On a little endian machine, these 16bit ints will give "THIS IS LITTLE ENDIAN."
   On a big endian machine the characters will be exchanged pairwise. */
const cmakeint16 info_little[] =  {0x4854, 0x5349, 0x4920, 0x2053, 0x494c, 0x5454, 0x454c, 0x4520, 0x444e, 0x4149, 0x2e4e, 0x0000};

/* on a big endian machine, these 16bit ints will give "THIS IS BIG ENDIAN."
   On a little endian machine the characters will be exchanged pairwise. */
const cmakeint16 info_big[] =     {0x5448, 0x4953, 0x2049, 0x5320, 0x4249, 0x4720, 0x454e, 0x4449, 0x414e, 0x2e2e, 0x0000};

#ifdef __CLASSIC_C__
int main(argc, argv) int argc; char *argv[];
#else
int main(int argc, char *argv[])
#endif
{
  int require = 0;
  require += info_little[argc];
  require += info_big[argc];
  (void)argv;
  return require;
}


Performing C++ SOURCE FILE Test JRTPLIB_STDINT succeeded with the following output:
Change Dir: /home/parallels/work/NetCamera/build/CMakeFiles/CMakeTmp

Run Build Command:"/usr/bin/make" "cmTC_7a3d7/fast"
/usr/bin/make -f CMakeFiles/cmTC_7a3d7.dir/build.make CMakeFiles/cmTC_7a3d7.dir/build
make[1]: Entering directory '/home/parallels/work/NetCamera/build/CMakeFiles/CMakeTmp'
Building CXX object CMakeFiles/cmTC_7a3d7.dir/src.cxx.o
/usr/bin/c++    -DJRTPLIB_STDINT   -o CMakeFiles/cmTC_7a3d7.dir/src.cxx.o -c /home/parallels/work/NetCamera/build/CMakeFiles/CMakeTmp/src.cxx
Linking CXX executable cmTC_7a3d7
/usr/bin/cmake -E cmake_link_script CMakeFiles/cmTC_7a3d7.dir/link.txt --verbose=1
/usr/bin/c++   -DJRTPLIB_STDINT    -rdynamic CMakeFiles/cmTC_7a3d7.dir/src.cxx.o  -o cmTC_7a3d7 
make[1]: Leaving directory '/home/parallels/work/NetCamera/build/CMakeFiles/CMakeTmp'

Source file was:
#include <stdint.h>
#include <sys/types.h>
int main(void) { size_t a = 0 ; size_t b = a; uint32_t x = 0; uint32_t y = x; return 0; }
Determining if the system is big endian passed with the following output:
Change Dir: /home/parallels/work/NetCamera/build/CMakeFiles/CMakeTmp

Run Build Command:"/usr/bin/make" "cmTC_ffe1a/fast"
/usr/bin/make -f CMakeFiles/cmTC_ffe1a.dir/build.make CMakeFiles/cmTC_ffe1a.dir/build
make[1]: Entering directory '/home/parallels/work/NetCamera/build/CMakeFiles/CMakeTmp'
Building C object CMakeFiles/cmTC_ffe1a.dir/TestEndianess.c.o
/usr/bin/cc    -o CMakeFiles/cmTC_ffe1a.dir/TestEndianess.c.o   -c /home/parallels/work/NetCamera/build/CMakeFiles/CMakeTmp/TestEndianess.c
Linking C executable cmTC_ffe1a
/usr/bin/cmake -E cmake_link_script CMakeFiles/cmTC_ffe1a.dir/link.txt --verbose=1
/usr/bin/cc      -rdynamic CMakeFiles/cmTC_ffe1a.dir/TestEndianess.c.o  -o cmTC_ffe1a 
make[1]: Leaving directory '/home/parallels/work/NetCamera/build/CMakeFiles/CMakeTmp'

TestEndianess.c:
/* A 16 bit integer is required. */
typedef unsigned short cmakeint16;

/* On a little endian machine, these 16bit ints will give "THIS IS LITTLE ENDIAN."
   On a big endian machine the characters will be exchanged pairwise. */
const cmakeint16 info_little[] =  {0x4854, 0x5349, 0x4920, 0x2053, 0x494c, 0x5454, 0x454c, 0x4520, 0x444e, 0x4149, 0x2e4e, 0x0000};

/* on a big endian machine, these 16bit ints will give "THIS IS BIG ENDIAN."
   On a little endian machine the characters will be exchanged pairwise. */
const cmakeint16 info_big[] =     {0x5448, 0x4953, 0x2049, 0x5320, 0x4249, 0x4720, 0x454e, 0x4449, 0x414e, 0x2e2e, 0x0000};

#ifdef __CLASSIC_C__
int main(argc, argv) int argc; char *argv[];
#else
int main(int argc, char *argv[])
#endif
{
  int require = 0;
  require += info_little[argc];
  require += info_big[argc];
  (void)argv;
  return require;
}


Determining if the include file arpa/inet.h exists passed with the following output:
Change Dir: /home/parallels/work/NetCamera/build/CMakeFiles/CMakeTmp

Run Build Command:"/usr/bin/make" "cmTC_c71dc/fast"
/usr/bin/make -f CMakeFiles/cmTC_c71dc.dir/build.make CMakeFiles/cmTC_c71dc.dir/build
make[1]: Entering directory '/home/parallels/work/NetCamera/build/CMakeFiles/CMakeTmp'
Building C object CMakeFiles/cmTC_c71dc.dir/CheckIncludeFile.c.o
/usr/bin/cc    -o CMakeFiles/cmTC_c71dc.dir/CheckIncludeFile.c.o   -c /home/parallels/work/NetCamera/build/CMakeFiles/CMakeTmp/CheckIncludeFile.c
Linking C executable cmTC_c71dc
/usr/bin/cmake -E cmake_link_script CMakeFiles/cmTC_c71dc.dir/link.txt --verbose=1
/usr/bin/cc      -rdynamic CMakeFiles/cmTC_c71dc.dir/CheckIncludeFile.c.o  -o cmTC_c71dc 
make[1]: Leaving directory '/home/parallels/work/NetCamera/build/CMakeFiles/CMakeTmp'


Determining if the include file byteswap.h exists passed with the following output:
Change Dir: /home/parallels/work/NetCamera/build/CMakeFiles/CMakeTmp

Run Build Command:"/usr/bin/make" "cmTC_c5684/fast"
/usr/bin/make -f CMakeFiles/cmTC_c5684.dir/build.make CMakeFiles/cmTC_c5684.dir/build
make[1]: Entering directory '/home/parallels/work/NetCamera/build/CMakeFiles/CMakeTmp'
Building C object CMakeFiles/cmTC_c5684.dir/CheckIncludeFile.c.o
/usr/bin/cc    -o CMakeFiles/cmTC_c5684.dir/CheckIncludeFile.c.o   -c /home/parallels/work/NetCamera/build/CMakeFiles/CMakeTmp/CheckIncludeFile.c
Linking C executable cmTC_c5684
/usr/bin/cmake -E cmake_link_script CMakeFiles/cmTC_c5684.dir/link.txt --verbose=1
/usr/bin/cc      -rdynamic CMakeFiles/cmTC_c5684.dir/CheckIncludeFile.c.o  -o cmTC_c5684 
make[1]: Leaving directory '/home/parallels/work/NetCamera/build/CMakeFiles/CMakeTmp'


Determining if the include file inttypes.h exists passed with the following output:
Change Dir: /home/parallels/work/NetCamera/build/CMakeFiles/CMakeTmp

Run Build Command:"/usr/bin/make" "cmTC_3d5fd/fast"
/usr/bin/make -f CMakeFiles/cmTC_3d5fd.dir/build.make CMakeFiles/cmTC_3d5fd.dir/build
make[1]: Entering directory '/home/parallels/work/NetCamera/build/CMakeFiles/CMakeTmp'
Building C object CMakeFiles/cmTC_3d5fd.dir/CheckIncludeFile.c.o
/usr/bin/cc    -o CMakeFiles/cmTC_3d5fd.dir/CheckIncludeFile.c.o   -c /home/parallels/work/NetCamera/build/CMakeFiles/CMakeTmp/CheckIncludeFile.c
Linking C executable cmTC_3d5fd
/usr/bin/cmake -E cmake_link_script CMakeFiles/cmTC_3d5fd.dir/link.txt --verbose=1
/usr/bin/cc      -rdynamic CMakeFiles/cmTC_3d5fd.dir/CheckIncludeFile.c.o  -o cmTC_3d5fd 
make[1]: Leaving directory '/home/parallels/work/NetCamera/build/CMakeFiles/CMakeTmp'


Determining if the include file netinet/in.h exists passed with the following output:
Change Dir: /home/parallels/work/NetCamera/build/CMakeFiles/CMakeTmp

Run Build Command:"/usr/bin/make" "cmTC_f0a80/fast"
/usr/bin/make -f CMakeFiles/cmTC_f0a80.dir/build.make CMakeFiles/cmTC_f0a80.dir/build
make[1]: Entering directory '/home/parallels/work/NetCamera/build/CMakeFiles/CMakeTmp'
Building C object CMakeFiles/cmTC_f0a80.dir/CheckIncludeFile.c.o
/usr/bin/cc    -o CMakeFiles/cmTC_f0a80.dir/CheckIncludeFile.c.o   -c /home/parallels/work/NetCamera/build/CMakeFiles/CMakeTmp/CheckIncludeFile.c
Linking C executable cmTC_f0a80
/usr/bin/cmake -E cmake_link_script CMakeFiles/cmTC_f0a80.dir/link.txt --verbose=1
/usr/bin/cc      -rdynamic CMakeFiles/cmTC_f0a80.dir/CheckIncludeFile.c.o  -o cmTC_f0a80 
make[1]: Leaving directory '/home/parallels/work/NetCamera/build/CMakeFiles/CMakeTmp'


Determining if the include file stdlib.h exists passed with the following output:
Change Dir: /home/parallels/work/NetCamera/build/CMakeFiles/CMakeTmp

Run Build Command:"/usr/bin/make" "cmTC_6720b/fast"
/usr/bin/make -f CMakeFiles/cmTC_6720b.dir/build.make CMakeFiles/cmTC_6720b.dir/build
make[1]: Entering directory '/home/parallels/work/NetCamera/build/CMakeFiles/CMakeTmp'
Building C object CMakeFiles/cmTC_6720b.dir/CheckIncludeFile.c.o
/usr/bin/cc    -o CMakeFiles/cmTC_6720b.dir/CheckIncludeFile.c.o   -c /home/parallels/work/NetCamera/build/CMakeFiles/CMakeTmp/CheckIncludeFile.c
Linking C executable cmTC_6720b
/usr/bin/cmake -E cmake_link_script CMakeFiles/cmTC_6720b.dir/link.txt --verbose=1
/usr/bin/cc      -rdynamic CMakeFiles/cmTC_6720b.dir/CheckIncludeFile.c.o  -o cmTC_6720b 
make[1]: Leaving directory '/home/parallels/work/NetCamera/build/CMakeFiles/CMakeTmp'


Determining if the include file sys/socket.h exists passed with the following output:
Change Dir: /home/parallels/work/NetCamera/build/CMakeFiles/CMakeTmp

Run Build Command:"/usr/bin/make" "cmTC_3d788/fast"
/usr/bin/make -f CMakeFiles/cmTC_3d788.dir/build.make CMakeFiles/cmTC_3d788.dir/build
make[1]: Entering directory '/home/parallels/work/NetCamera/build/CMakeFiles/CMakeTmp'
Building C object CMakeFiles/cmTC_3d788.dir/CheckIncludeFile.c.o
/usr/bin/cc    -o CMakeFiles/cmTC_3d788.dir/CheckIncludeFile.c.o   -c /home/parallels/work/NetCamera/build/CMakeFiles/CMakeTmp/CheckIncludeFile.c
Linking C executable cmTC_3d788
/usr/bin/cmake -E cmake_link_script CMakeFiles/cmTC_3d788.dir/link.txt --verbose=1
/usr/bin/cc      -rdynamic CMakeFiles/cmTC_3d788.dir/CheckIncludeFile.c.o  -o cmTC_3d788 
make[1]: Leaving directory '/home/parallels/work/NetCamera/build/CMakeFiles/CMakeTmp'


Determining if the include file unistd.h exists passed with the following output:
Change Dir: /home/parallels/work/NetCamera/build/CMakeFiles/CMakeTmp

Run Build Command:"/usr/bin/make" "cmTC_06455/fast"
/usr/bin/make -f CMakeFiles/cmTC_06455.dir/build.make CMakeFiles/cmTC_06455.dir/build
make[1]: Entering directory '/home/parallels/work/NetCamera/build/CMakeFiles/CMakeTmp'
Building C object CMakeFiles/cmTC_06455.dir/CheckIncludeFile.c.o
/usr/bin/cc    -o CMakeFiles/cmTC_06455.dir/CheckIncludeFile.c.o   -c /home/parallels/work/NetCamera/build/CMakeFiles/CMakeTmp/CheckIncludeFile.c
Linking C executable cmTC_06455
/usr/bin/cmake -E cmake_link_script CMakeFiles/cmTC_06455.dir/link.txt --verbose=1
/usr/bin/cc      -rdynamic CMakeFiles/cmTC_06455.dir/CheckIncludeFile.c.o  -o cmTC_06455 
make[1]: Leaving directory '/home/parallels/work/NetCamera/build/CMakeFiles/CMakeTmp'


Determining if the function sigaction exists passed with the following output:
Change Dir: /home/parallels/work/NetCamera/build/CMakeFiles/CMakeTmp

Run Build Command:"/usr/bin/make" "cmTC_62eed/fast"
/usr/bin/make -f CMakeFiles/cmTC_62eed.dir/build.make CMakeFiles/cmTC_62eed.dir/build
make[1]: Entering directory '/home/parallels/work/NetCamera/build/CMakeFiles/CMakeTmp'
Building C object CMakeFiles/cmTC_62eed.dir/CheckFunctionExists.c.o
/usr/bin/cc   -DCHECK_FUNCTION_EXISTS=sigaction   -o CMakeFiles/cmTC_62eed.dir/CheckFunctionExists.c.o   -c /usr/share/cmake-3.10/Modules/CheckFunctionExists.c
Linking C executable cmTC_62eed
/usr/bin/cmake -E cmake_link_script CMakeFiles/cmTC_62eed.dir/link.txt --verbose=1
/usr/bin/cc  -DCHECK_FUNCTION_EXISTS=sigaction    -rdynamic CMakeFiles/cmTC_62eed.dir/CheckFunctionExists.c.o  -o cmTC_62eed 
make[1]: Leaving directory '/home/parallels/work/NetCamera/build/CMakeFiles/CMakeTmp'


Determining if the function inet_aton exists passed with the following output:
Change Dir: /home/parallels/work/NetCamera/build/CMakeFiles/CMakeTmp

Run Build Command:"/usr/bin/make" "cmTC_b99b6/fast"
/usr/bin/make -f CMakeFiles/cmTC_b99b6.dir/build.make CMakeFiles/cmTC_b99b6.dir/build
make[1]: Entering directory '/home/parallels/work/NetCamera/build/CMakeFiles/CMakeTmp'
Building C object CMakeFiles/cmTC_b99b6.dir/CheckFunctionExists.c.o
/usr/bin/cc   -DCHECK_FUNCTION_EXISTS=inet_aton   -o CMakeFiles/cmTC_b99b6.dir/CheckFunctionExists.c.o   -c /usr/share/cmake-3.10/Modules/CheckFunctionExists.c
Linking C executable cmTC_b99b6
/usr/bin/cmake -E cmake_link_script CMakeFiles/cmTC_b99b6.dir/link.txt --verbose=1
/usr/bin/cc  -DCHECK_FUNCTION_EXISTS=inet_aton    -rdynamic CMakeFiles/cmTC_b99b6.dir/CheckFunctionExists.c.o  -o cmTC_b99b6 
make[1]: Leaving directory '/home/parallels/work/NetCamera/build/CMakeFiles/CMakeTmp'


Determining if the function usleep exists passed with the following output:
Change Dir: /home/parallels/work/NetCamera/build/CMakeFiles/CMakeTmp

Run Build Command:"/usr/bin/make" "cmTC_9efdf/fast"
/usr/bin/make -f CMakeFiles/cmTC_9efdf.dir/build.make CMakeFiles/cmTC_9efdf.dir/build
make[1]: Entering directory '/home/parallels/work/NetCamera/build/CMakeFiles/CMakeTmp'
Building C object CMakeFiles/cmTC_9efdf.dir/CheckFunctionExists.c.o
/usr/bin/cc   -DCHECK_FUNCTION_EXISTS=usleep   -o CMakeFiles/cmTC_9efdf.dir/CheckFunctionExists.c.o   -c /usr/share/cmake-3.10/Modules/CheckFunctionExists.c
Linking C executable cmTC_9efdf
/usr/bin/cmake -E cmake_link_script CMakeFiles/cmTC_9efdf.dir/link.txt --verbose=1
/usr/bin/cc  -DCHECK_FUNCTION_EXISTS=usleep    -rdynamic CMakeFiles/cmTC_9efdf.dir/CheckFunctionExists.c.o  -o cmTC_9efdf 
make[1]: Leaving directory '/home/parallels/work/NetCamera/build/CMakeFiles/CMakeTmp'


Determining size of uint8_t passed with the following output:
Change Dir: /home/parallels/work/NetCamera/build/CMakeFiles/CMakeTmp

Run Build Command:"/usr/bin/make" "cmTC_6a233/fast"
/usr/bin/make -f CMakeFiles/cmTC_6a233.dir/build.make CMakeFiles/cmTC_6a233.dir/build
make[1]: Entering directory '/home/parallels/work/NetCamera/build/CMakeFiles/CMakeTmp'
Building C object CMakeFiles/cmTC_6a233.dir/UINT8_T.c.o
/usr/bin/cc    -o CMakeFiles/cmTC_6a233.dir/UINT8_T.c.o   -c /home/parallels/work/NetCamera/build/CMakeFiles/CheckTypeSize/UINT8_T.c
Linking C executable cmTC_6a233
/usr/bin/cmake -E cmake_link_script CMakeFiles/cmTC_6a233.dir/link.txt --verbose=1
/usr/bin/cc      -rdynamic CMakeFiles/cmTC_6a233.dir/UINT8_T.c.o  -o cmTC_6a233 
make[1]: Leaving directory '/home/parallels/work/NetCamera/build/CMakeFiles/CMakeTmp'


Determining size of uint16_t passed with the following output:
Change Dir: /home/parallels/work/NetCamera/build/CMakeFiles/CMakeTmp

Run Build Command:"/usr/bin/make" "cmTC_86303/fast"
/usr/bin/make -f CMakeFiles/cmTC_86303.dir/build.make CMakeFiles/cmTC_86303.dir/build
make[1]: Entering directory '/home/parallels/work/NetCamera/build/CMakeFiles/CMakeTmp'
Building C object CMakeFiles/cmTC_86303.dir/UINT16_T.c.o
/usr/bin/cc    -o CMakeFiles/cmTC_86303.dir/UINT16_T.c.o   -c /home/parallels/work/NetCamera/build/CMakeFiles/CheckTypeSize/UINT16_T.c
Linking C executable cmTC_86303
/usr/bin/cmake -E cmake_link_script CMakeFiles/cmTC_86303.dir/link.txt --verbose=1
/usr/bin/cc      -rdynamic CMakeFiles/cmTC_86303.dir/UINT16_T.c.o  -o cmTC_86303 
make[1]: Leaving directory '/home/parallels/work/NetCamera/build/CMakeFiles/CMakeTmp'


Determining size of uint32_t passed with the following output:
Change Dir: /home/parallels/work/NetCamera/build/CMakeFiles/CMakeTmp

Run Build Command:"/usr/bin/make" "cmTC_3307c/fast"
/usr/bin/make -f CMakeFiles/cmTC_3307c.dir/build.make CMakeFiles/cmTC_3307c.dir/build
make[1]: Entering directory '/home/parallels/work/NetCamera/build/CMakeFiles/CMakeTmp'
Building C object CMakeFiles/cmTC_3307c.dir/UINT32_T.c.o
/usr/bin/cc    -o CMakeFiles/cmTC_3307c.dir/UINT32_T.c.o   -c /home/parallels/work/NetCamera/build/CMakeFiles/CheckTypeSize/UINT32_T.c
Linking C executable cmTC_3307c
/usr/bin/cmake -E cmake_link_script CMakeFiles/cmTC_3307c.dir/link.txt --verbose=1
/usr/bin/cc      -rdynamic CMakeFiles/cmTC_3307c.dir/UINT32_T.c.o  -o cmTC_3307c 
make[1]: Leaving directory '/home/parallels/work/NetCamera/build/CMakeFiles/CMakeTmp'


Determining size of uint64_t passed with the following output:
Change Dir: /home/parallels/work/NetCamera/build/CMakeFiles/CMakeTmp

Run Build Command:"/usr/bin/make" "cmTC_247c6/fast"
/usr/bin/make -f CMakeFiles/cmTC_247c6.dir/build.make CMakeFiles/cmTC_247c6.dir/build
make[1]: Entering directory '/home/parallels/work/NetCamera/build/CMakeFiles/CMakeTmp'
Building C object CMakeFiles/cmTC_247c6.dir/UINT64_T.c.o
/usr/bin/cc    -o CMakeFiles/cmTC_247c6.dir/UINT64_T.c.o   -c /home/parallels/work/NetCamera/build/CMakeFiles/CheckTypeSize/UINT64_T.c
Linking C executable cmTC_247c6
/usr/bin/cmake -E cmake_link_script CMakeFiles/cmTC_247c6.dir/link.txt --verbose=1
/usr/bin/cc      -rdynamic CMakeFiles/cmTC_247c6.dir/UINT64_T.c.o  -o cmTC_247c6 
make[1]: Leaving directory '/home/parallels/work/NetCamera/build/CMakeFiles/CMakeTmp'


Determining size of int32_t passed with the following output:
Change Dir: /home/parallels/work/NetCamera/build/CMakeFiles/CMakeTmp

Run Build Command:"/usr/bin/make" "cmTC_31cb0/fast"
/usr/bin/make -f CMakeFiles/cmTC_31cb0.dir/build.make CMakeFiles/cmTC_31cb0.dir/build
make[1]: Entering directory '/home/parallels/work/NetCamera/build/CMakeFiles/CMakeTmp'
Building C object CMakeFiles/cmTC_31cb0.dir/INT32_T.c.o
/usr/bin/cc    -o CMakeFiles/cmTC_31cb0.dir/INT32_T.c.o   -c /home/parallels/work/NetCamera/build/CMakeFiles/CheckTypeSize/INT32_T.c
Linking C executable cmTC_31cb0
/usr/bin/cmake -E cmake_link_script CMakeFiles/cmTC_31cb0.dir/link.txt --verbose=1
/usr/bin/cc      -rdynamic CMakeFiles/cmTC_31cb0.dir/INT32_T.c.o  -o cmTC_31cb0 
make[1]: Leaving directory '/home/parallels/work/NetCamera/build/CMakeFiles/CMakeTmp'


Determining size of unsigned long passed with the following output:
Change Dir: /home/parallels/work/NetCamera/build/CMakeFiles/CMakeTmp

Run Build Command:"/usr/bin/make" "cmTC_edf52/fast"
/usr/bin/make -f CMakeFiles/cmTC_edf52.dir/build.make CMakeFiles/cmTC_edf52.dir/build
make[1]: Entering directory '/home/parallels/work/NetCamera/build/CMakeFiles/CMakeTmp'
Building C object CMakeFiles/cmTC_edf52.dir/SIZEOF_UNSIGNED_LONG.c.o
/usr/bin/cc    -o CMakeFiles/cmTC_edf52.dir/SIZEOF_UNSIGNED_LONG.c.o   -c /home/parallels/work/NetCamera/build/CMakeFiles/CheckTypeSize/SIZEOF_UNSIGNED_LONG.c
Linking C executable cmTC_edf52
/usr/bin/cmake -E cmake_link_script CMakeFiles/cmTC_edf52.dir/link.txt --verbose=1
/usr/bin/cc      -rdynamic CMakeFiles/cmTC_edf52.dir/SIZEOF_UNSIGNED_LONG.c.o  -o cmTC_edf52 
make[1]: Leaving directory '/home/parallels/work/NetCamera/build/CMakeFiles/CMakeTmp'


Determining size of unsigned long long passed with the following output:
Change Dir: /home/parallels/work/NetCamera/build/CMakeFiles/CMakeTmp

Run Build Command:"/usr/bin/make" "cmTC_5efc6/fast"
/usr/bin/make -f CMakeFiles/cmTC_5efc6.dir/build.make CMakeFiles/cmTC_5efc6.dir/build
make[1]: Entering directory '/home/parallels/work/NetCamera/build/CMakeFiles/CMakeTmp'
Building C object CMakeFiles/cmTC_5efc6.dir/SIZEOF_UNSIGNED_LONG_LONG.c.o
/usr/bin/cc    -o CMakeFiles/cmTC_5efc6.dir/SIZEOF_UNSIGNED_LONG_LONG.c.o   -c /home/parallels/work/NetCamera/build/CMakeFiles/CheckTypeSize/SIZEOF_UNSIGNED_LONG_LONG.c
Linking C executable cmTC_5efc6
/usr/bin/cmake -E cmake_link_script CMakeFiles/cmTC_5efc6.dir/link.txt --verbose=1
/usr/bin/cc      -rdynamic CMakeFiles/cmTC_5efc6.dir/SIZEOF_UNSIGNED_LONG_LONG.c.o  -o cmTC_5efc6 
make[1]: Leaving directory '/home/parallels/work/NetCamera/build/CMakeFiles/CMakeTmp'


Performing C SOURCE FILE Test HAVE_INLINE succeeded with the following output:
Change Dir: /home/parallels/work/NetCamera/build/CMakeFiles/CMakeTmp

Run Build Command:"/usr/bin/make" "cmTC_243e0/fast"
/usr/bin/make -f CMakeFiles/cmTC_243e0.dir/build.make CMakeFiles/cmTC_243e0.dir/build
make[1]: Entering directory '/home/parallels/work/NetCamera/build/CMakeFiles/CMakeTmp'
Building C object CMakeFiles/cmTC_243e0.dir/src.c.o
/usr/bin/cc   -DHAVE_INLINE   -o CMakeFiles/cmTC_243e0.dir/src.c.o   -c /home/parallels/work/NetCamera/build/CMakeFiles/CMakeTmp/src.c
Linking C executable cmTC_243e0
/usr/bin/cmake -E cmake_link_script CMakeFiles/cmTC_243e0.dir/link.txt --verbose=1
/usr/bin/cc  -DHAVE_INLINE    -rdynamic CMakeFiles/cmTC_243e0.dir/src.c.o  -o cmTC_243e0 
make[1]: Leaving directory '/home/parallels/work/NetCamera/build/CMakeFiles/CMakeTmp'

Source file was:
inline void func(); void func() { } int main() { func(); return 0; }
Performing C++ SOURCE FILE Test COMPILER_SUPPORTS_CXX11 succeeded with the following output:
Change Dir: /home/parallels/work/NetCamera/build/CMakeFiles/CMakeTmp

Run Build Command:"/usr/bin/make" "cmTC_14806/fast"
/usr/bin/make -f CMakeFiles/cmTC_14806.dir/build.make CMakeFiles/cmTC_14806.dir/build
make[1]: Entering directory '/home/parallels/work/NetCamera/build/CMakeFiles/CMakeTmp'
Building CXX object CMakeFiles/cmTC_14806.dir/src.cxx.o
/usr/bin/c++    -DCOMPILER_SUPPORTS_CXX11   -std=c++11 -o CMakeFiles/cmTC_14806.dir/src.cxx.o -c /home/parallels/work/NetCamera/build/CMakeFiles/CMakeTmp/src.cxx
Linking CXX executable cmTC_14806
/usr/bin/cmake -E cmake_link_script CMakeFiles/cmTC_14806.dir/link.txt --verbose=1
/usr/bin/c++   -DCOMPILER_SUPPORTS_CXX11    -rdynamic CMakeFiles/cmTC_14806.dir/src.cxx.o  -o cmTC_14806 
make[1]: Leaving directory '/home/parallels/work/NetCamera/build/CMakeFiles/CMakeTmp'

Source file was:
int main() { return 0; }
Determining if the system is big endian passed with the following output:
Change Dir: /home/parallels/work/NetCamera/build/CMakeFiles/CMakeTmp

Run Build Command:"/usr/bin/make" "cmTC_13362/fast"
/usr/bin/make -f CMakeFiles/cmTC_13362.dir/build.make CMakeFiles/cmTC_13362.dir/build
make[1]: Entering directory '/home/parallels/work/NetCamera/build/CMakeFiles/CMakeTmp'
Building C object CMakeFiles/cmTC_13362.dir/TestEndianess.c.o
/usr/bin/cc   -fPIE   -o CMakeFiles/cmTC_13362.dir/TestEndianess.c.o   -c /home/parallels/work/NetCamera/build/CMakeFiles/CMakeTmp/TestEndianess.c
Linking C executable cmTC_13362
/usr/bin/cmake -E cmake_link_script CMakeFiles/cmTC_13362.dir/link.txt --verbose=1
/usr/bin/cc      -rdynamic CMakeFiles/cmTC_13362.dir/TestEndianess.c.o  -o cmTC_13362 
make[1]: Leaving directory '/home/parallels/work/NetCamera/build/CMakeFiles/CMakeTmp'

TestEndianess.c:
/* A 16 bit integer is required. */
typedef unsigned short cmakeint16;

/* On a little endian machine, these 16bit ints will give "THIS IS LITTLE ENDIAN."
   On a big endian machine the characters will be exchanged pairwise. */
const cmakeint16 info_little[] =  {0x4854, 0x5349, 0x4920, 0x2053, 0x494c, 0x5454, 0x454c, 0x4520, 0x444e, 0x4149, 0x2e4e, 0x0000};

/* on a big endian machine, these 16bit ints will give "THIS IS BIG ENDIAN."
   On a little endian machine the characters will be exchanged pairwise. */
const cmakeint16 info_big[] =     {0x5448, 0x4953, 0x2049, 0x5320, 0x4249, 0x4720, 0x454e, 0x4449, 0x414e, 0x2e2e, 0x0000};

#ifdef __CLASSIC_C__
int main(argc, argv) int argc; char *argv[];
#else
int main(int argc, char *argv[])
#endif
{
  int require = 0;
  require += info_little[argc];
  require += info_big[argc];
  (void)argv;
  return require;
}


Performing C++ SOURCE FILE Test EMIPLIB_STDINT succeeded with the following output:
Change Dir: /home/parallels/work/NetCamera/build/CMakeFiles/CMakeTmp

Run Build Command:"/usr/bin/make" "cmTC_93d92/fast"
/usr/bin/make -f CMakeFiles/cmTC_93d92.dir/build.make CMakeFiles/cmTC_93d92.dir/build
make[1]: Entering directory '/home/parallels/work/NetCamera/build/CMakeFiles/CMakeTmp'
Building CXX object CMakeFiles/cmTC_93d92.dir/src.cxx.o
/usr/bin/c++    -std=c++11 -DEMIPLIB_STDINT -fPIE   -o CMakeFiles/cmTC_93d92.dir/src.cxx.o -c /home/parallels/work/NetCamera/build/CMakeFiles/CMakeTmp/src.cxx
Linking CXX executable cmTC_93d92
/usr/bin/cmake -E cmake_link_script CMakeFiles/cmTC_93d92.dir/link.txt --verbose=1
/usr/bin/c++   -std=c++11 -DEMIPLIB_STDINT    -rdynamic CMakeFiles/cmTC_93d92.dir/src.cxx.o  -o cmTC_93d92 
make[1]: Leaving directory '/home/parallels/work/NetCamera/build/CMakeFiles/CMakeTmp'

Source file was:
#include <stdint.h>
int main(void) { uint32_t x = 0; uint32_t y = x; return 0; }
