Determining if the pthread_create exist failed with the following output:
Change Dir: /home/parallels/work/NetCamera/build/CMakeFiles/CMakeTmp

Run Build Command:"/usr/bin/make" "cmTC_f7fd5/fast"
/usr/bin/make -f CMakeFiles/cmTC_f7fd5.dir/build.make CMakeFiles/cmTC_f7fd5.dir/build
make[1]: Entering directory '/home/parallels/work/NetCamera/build/CMakeFiles/CMakeTmp'
Building C object CMakeFiles/cmTC_f7fd5.dir/CheckSymbolExists.c.o
/usr/bin/cc    -o CMakeFiles/cmTC_f7fd5.dir/CheckSymbolExists.c.o   -c /home/parallels/work/NetCamera/build/CMakeFiles/CMakeTmp/CheckSymbolExists.c
Linking C executable cmTC_f7fd5
/usr/bin/cmake -E cmake_link_script CMakeFiles/cmTC_f7fd5.dir/link.txt --verbose=1
/usr/bin/cc      CMakeFiles/cmTC_f7fd5.dir/CheckSymbolExists.c.o  -o cmTC_f7fd5 
CMakeFiles/cmTC_f7fd5.dir/CheckSymbolExists.c.o: In function `main':
CheckSymbolExists.c:(.text+0x1b): undefined reference to `pthread_create'
collect2: error: ld returned 1 exit status
CMakeFiles/cmTC_f7fd5.dir/build.make:97: recipe for target 'cmTC_f7fd5' failed
make[1]: *** [cmTC_f7fd5] Error 1
make[1]: Leaving directory '/home/parallels/work/NetCamera/build/CMakeFiles/CMakeTmp'
Makefile:126: recipe for target 'cmTC_f7fd5/fast' failed
make: *** [cmTC_f7fd5/fast] Error 2

File /home/parallels/work/NetCamera/build/CMakeFiles/CMakeTmp/CheckSymbolExists.c:
/* */
#include <pthread.h>

int main(int argc, char** argv)
{
  (void)argv;
#ifndef pthread_create
  return ((int*)(&pthread_create))[argc];
#else
  (void)argc;
  return 0;
#endif
}

Determining if the function pthread_create exists in the pthreads failed with the following output:
Change Dir: /home/parallels/work/NetCamera/build/CMakeFiles/CMakeTmp

Run Build Command:"/usr/bin/make" "cmTC_793de/fast"
/usr/bin/make -f CMakeFiles/cmTC_793de.dir/build.make CMakeFiles/cmTC_793de.dir/build
make[1]: Entering directory '/home/parallels/work/NetCamera/build/CMakeFiles/CMakeTmp'
Building C object CMakeFiles/cmTC_793de.dir/CheckFunctionExists.c.o
/usr/bin/cc   -DCHECK_FUNCTION_EXISTS=pthread_create   -o CMakeFiles/cmTC_793de.dir/CheckFunctionExists.c.o   -c /usr/share/cmake-3.10/Modules/CheckFunctionExists.c
Linking C executable cmTC_793de
/usr/bin/cmake -E cmake_link_script CMakeFiles/cmTC_793de.dir/link.txt --verbose=1
/usr/bin/cc  -DCHECK_FUNCTION_EXISTS=pthread_create    CMakeFiles/cmTC_793de.dir/CheckFunctionExists.c.o  -o cmTC_793de -lpthreads 
/usr/bin/ld: cannot find -lpthreads
collect2: error: ld returned 1 exit status
CMakeFiles/cmTC_793de.dir/build.make:97: recipe for target 'cmTC_793de' failed
make[1]: *** [cmTC_793de] Error 1
make[1]: Leaving directory '/home/parallels/work/NetCamera/build/CMakeFiles/CMakeTmp'
Makefile:126: recipe for target 'cmTC_793de/fast' failed
make: *** [cmTC_793de/fast] Error 2


Determining if the include file sys/filio.h exists failed with the following output:
Change Dir: /home/parallels/work/NetCamera/build/CMakeFiles/CMakeTmp

Run Build Command:"/usr/bin/make" "cmTC_a56b7/fast"
/usr/bin/make -f CMakeFiles/cmTC_a56b7.dir/build.make CMakeFiles/cmTC_a56b7.dir/build
make[1]: Entering directory '/home/parallels/work/NetCamera/build/CMakeFiles/CMakeTmp'
Building CXX object CMakeFiles/cmTC_a56b7.dir/CheckIncludeFile.cxx.o
/usr/bin/c++     -o CMakeFiles/cmTC_a56b7.dir/CheckIncludeFile.cxx.o -c /home/parallels/work/NetCamera/build/CMakeFiles/CMakeTmp/CheckIncludeFile.cxx
/home/parallels/work/NetCamera/build/CMakeFiles/CMakeTmp/CheckIncludeFile.cxx:1:10: fatal error: sys/filio.h: No such file or directory
 #include <sys/filio.h>
          ^~~~~~~~~~~~~
compilation terminated.
CMakeFiles/cmTC_a56b7.dir/build.make:65: recipe for target 'CMakeFiles/cmTC_a56b7.dir/CheckIncludeFile.cxx.o' failed
make[1]: *** [CMakeFiles/cmTC_a56b7.dir/CheckIncludeFile.cxx.o] Error 1
make[1]: Leaving directory '/home/parallels/work/NetCamera/build/CMakeFiles/CMakeTmp'
Makefile:126: recipe for target 'cmTC_a56b7/fast' failed
make: *** [cmTC_a56b7/fast] Error 2


Determining if the include file sys/sockio.h exists failed with the following output:
Change Dir: /home/parallels/work/NetCamera/build/CMakeFiles/CMakeTmp

Run Build Command:"/usr/bin/make" "cmTC_50b92/fast"
/usr/bin/make -f CMakeFiles/cmTC_50b92.dir/build.make CMakeFiles/cmTC_50b92.dir/build
make[1]: Entering directory '/home/parallels/work/NetCamera/build/CMakeFiles/CMakeTmp'
Building CXX object CMakeFiles/cmTC_50b92.dir/CheckIncludeFile.cxx.o
/usr/bin/c++     -o CMakeFiles/cmTC_50b92.dir/CheckIncludeFile.cxx.o -c /home/parallels/work/NetCamera/build/CMakeFiles/CMakeTmp/CheckIncludeFile.cxx
/home/parallels/work/NetCamera/build/CMakeFiles/CMakeTmp/CheckIncludeFile.cxx:1:10: fatal error: sys/sockio.h: No such file or directory
 #include <sys/sockio.h>
          ^~~~~~~~~~~~~~
compilation terminated.
CMakeFiles/cmTC_50b92.dir/build.make:65: recipe for target 'CMakeFiles/cmTC_50b92.dir/CheckIncludeFile.cxx.o' failed
make[1]: *** [CMakeFiles/cmTC_50b92.dir/CheckIncludeFile.cxx.o] Error 1
make[1]: Leaving directory '/home/parallels/work/NetCamera/build/CMakeFiles/CMakeTmp'
Makefile:126: recipe for target 'cmTC_50b92/fast' failed
make: *** [cmTC_50b92/fast] Error 2


Performing C++ SOURCE FILE Test JRTPLIB_SNPRINTF_S failed with the following output:
Change Dir: /home/parallels/work/NetCamera/build/CMakeFiles/CMakeTmp

Run Build Command:"/usr/bin/make" "cmTC_02579/fast"
/usr/bin/make -f CMakeFiles/cmTC_02579.dir/build.make CMakeFiles/cmTC_02579.dir/build
make[1]: Entering directory '/home/parallels/work/NetCamera/build/CMakeFiles/CMakeTmp'
Building CXX object CMakeFiles/cmTC_02579.dir/src.cxx.o
/usr/bin/c++    -DJRTPLIB_SNPRINTF_S   -o CMakeFiles/cmTC_02579.dir/src.cxx.o -c /home/parallels/work/NetCamera/build/CMakeFiles/CMakeTmp/src.cxx
/home/parallels/work/NetCamera/build/CMakeFiles/CMakeTmp/src.cxx:1:10: fatal error: windows.h: No such file or directory
 #include <windows.h>
          ^~~~~~~~~~~
compilation terminated.
CMakeFiles/cmTC_02579.dir/build.make:65: recipe for target 'CMakeFiles/cmTC_02579.dir/src.cxx.o' failed
make[1]: *** [CMakeFiles/cmTC_02579.dir/src.cxx.o] Error 1
make[1]: Leaving directory '/home/parallels/work/NetCamera/build/CMakeFiles/CMakeTmp'
Makefile:126: recipe for target 'cmTC_02579/fast' failed
make: *** [cmTC_02579/fast] Error 2

Source file was:
#include <windows.h>
#include <stdio.h>
int main(void) { char s[1024]; _snprintf_s(s, 1024,"%d", 10);
  return 0; }
Performing C++ SOURCE FILE Test JRTPLIB_SNPRINTF failed with the following output:
Change Dir: /home/parallels/work/NetCamera/build/CMakeFiles/CMakeTmp

Run Build Command:"/usr/bin/make" "cmTC_7fd97/fast"
/usr/bin/make -f CMakeFiles/cmTC_7fd97.dir/build.make CMakeFiles/cmTC_7fd97.dir/build
make[1]: Entering directory '/home/parallels/work/NetCamera/build/CMakeFiles/CMakeTmp'
Building CXX object CMakeFiles/cmTC_7fd97.dir/src.cxx.o
/usr/bin/c++    -DJRTPLIB_SNPRINTF   -o CMakeFiles/cmTC_7fd97.dir/src.cxx.o -c /home/parallels/work/NetCamera/build/CMakeFiles/CMakeTmp/src.cxx
/home/parallels/work/NetCamera/build/CMakeFiles/CMakeTmp/src.cxx:1:10: fatal error: windows.h: No such file or directory
 #include <windows.h>
          ^~~~~~~~~~~
compilation terminated.
CMakeFiles/cmTC_7fd97.dir/build.make:65: recipe for target 'CMakeFiles/cmTC_7fd97.dir/src.cxx.o' failed
make[1]: *** [CMakeFiles/cmTC_7fd97.dir/src.cxx.o] Error 1
make[1]: Leaving directory '/home/parallels/work/NetCamera/build/CMakeFiles/CMakeTmp'
Makefile:126: recipe for target 'cmTC_7fd97/fast' failed
make: *** [cmTC_7fd97/fast] Error 2

Source file was:
#include <windows.h>
#include <stdio.h>
int main(void) { char s[1024]; _snprintf(s, 1024,"%d", 10);
  return 0; }
Determining if the include file machine/types.h exists failed with the following output:
Change Dir: /home/parallels/work/NetCamera/build/CMakeFiles/CMakeTmp

Run Build Command:"/usr/bin/make" "cmTC_62d6f/fast"
/usr/bin/make -f CMakeFiles/cmTC_62d6f.dir/build.make CMakeFiles/cmTC_62d6f.dir/build
make[1]: Entering directory '/home/parallels/work/NetCamera/build/CMakeFiles/CMakeTmp'
Building C object CMakeFiles/cmTC_62d6f.dir/CheckIncludeFile.c.o
/usr/bin/cc    -o CMakeFiles/cmTC_62d6f.dir/CheckIncludeFile.c.o   -c /home/parallels/work/NetCamera/build/CMakeFiles/CMakeTmp/CheckIncludeFile.c
/home/parallels/work/NetCamera/build/CMakeFiles/CMakeTmp/CheckIncludeFile.c:1:10: fatal error: machine/types.h: No such file or directory
 #include <machine/types.h>
          ^~~~~~~~~~~~~~~~~
compilation terminated.
CMakeFiles/cmTC_62d6f.dir/build.make:65: recipe for target 'CMakeFiles/cmTC_62d6f.dir/CheckIncludeFile.c.o' failed
make[1]: *** [CMakeFiles/cmTC_62d6f.dir/CheckIncludeFile.c.o] Error 1
make[1]: Leaving directory '/home/parallels/work/NetCamera/build/CMakeFiles/CMakeTmp'
Makefile:126: recipe for target 'cmTC_62d6f/fast' failed
make: *** [cmTC_62d6f/fast] Error 2


Determining if the include file sys/int_types.h exists failed with the following output:
Change Dir: /home/parallels/work/NetCamera/build/CMakeFiles/CMakeTmp

Run Build Command:"/usr/bin/make" "cmTC_ee45f/fast"
/usr/bin/make -f CMakeFiles/cmTC_ee45f.dir/build.make CMakeFiles/cmTC_ee45f.dir/build
make[1]: Entering directory '/home/parallels/work/NetCamera/build/CMakeFiles/CMakeTmp'
Building C object CMakeFiles/cmTC_ee45f.dir/CheckIncludeFile.c.o
/usr/bin/cc    -o CMakeFiles/cmTC_ee45f.dir/CheckIncludeFile.c.o   -c /home/parallels/work/NetCamera/build/CMakeFiles/CMakeTmp/CheckIncludeFile.c
/home/parallels/work/NetCamera/build/CMakeFiles/CMakeTmp/CheckIncludeFile.c:1:10: fatal error: sys/int_types.h: No such file or directory
 #include <sys/int_types.h>
          ^~~~~~~~~~~~~~~~~
compilation terminated.
CMakeFiles/cmTC_ee45f.dir/build.make:65: recipe for target 'CMakeFiles/cmTC_ee45f.dir/CheckIncludeFile.c.o' failed
make[1]: *** [CMakeFiles/cmTC_ee45f.dir/CheckIncludeFile.c.o] Error 1
make[1]: Leaving directory '/home/parallels/work/NetCamera/build/CMakeFiles/CMakeTmp'
Makefile:126: recipe for target 'cmTC_ee45f/fast' failed
make: *** [cmTC_ee45f/fast] Error 2


Determining if the include file windows.h exists failed with the following output:
Change Dir: /home/parallels/work/NetCamera/build/CMakeFiles/CMakeTmp

Run Build Command:"/usr/bin/make" "cmTC_8033d/fast"
/usr/bin/make -f CMakeFiles/cmTC_8033d.dir/build.make CMakeFiles/cmTC_8033d.dir/build
make[1]: Entering directory '/home/parallels/work/NetCamera/build/CMakeFiles/CMakeTmp'
Building C object CMakeFiles/cmTC_8033d.dir/CheckIncludeFile.c.o
/usr/bin/cc    -o CMakeFiles/cmTC_8033d.dir/CheckIncludeFile.c.o   -c /home/parallels/work/NetCamera/build/CMakeFiles/CMakeTmp/CheckIncludeFile.c
/home/parallels/work/NetCamera/build/CMakeFiles/CMakeTmp/CheckIncludeFile.c:1:10: fatal error: windows.h: No such file or directory
 #include <windows.h>
          ^~~~~~~~~~~
compilation terminated.
CMakeFiles/cmTC_8033d.dir/build.make:65: recipe for target 'CMakeFiles/cmTC_8033d.dir/CheckIncludeFile.c.o' failed
make[1]: *** [CMakeFiles/cmTC_8033d.dir/CheckIncludeFile.c.o] Error 1
make[1]: Leaving directory '/home/parallels/work/NetCamera/build/CMakeFiles/CMakeTmp'
Makefile:126: recipe for target 'cmTC_8033d/fast' failed
make: *** [cmTC_8033d/fast] Error 2


Determining if the include file winsock2.h exists failed with the following output:
Change Dir: /home/parallels/work/NetCamera/build/CMakeFiles/CMakeTmp

Run Build Command:"/usr/bin/make" "cmTC_22cd1/fast"
/usr/bin/make -f CMakeFiles/cmTC_22cd1.dir/build.make CMakeFiles/cmTC_22cd1.dir/build
make[1]: Entering directory '/home/parallels/work/NetCamera/build/CMakeFiles/CMakeTmp'
Building C object CMakeFiles/cmTC_22cd1.dir/CheckIncludeFile.c.o
/usr/bin/cc    -o CMakeFiles/cmTC_22cd1.dir/CheckIncludeFile.c.o   -c /home/parallels/work/NetCamera/build/CMakeFiles/CMakeTmp/CheckIncludeFile.c
/home/parallels/work/NetCamera/build/CMakeFiles/CMakeTmp/CheckIncludeFile.c:1:10: fatal error: winsock2.h: No such file or directory
 #include <winsock2.h>
          ^~~~~~~~~~~~
compilation terminated.
CMakeFiles/cmTC_22cd1.dir/build.make:65: recipe for target 'CMakeFiles/cmTC_22cd1.dir/CheckIncludeFile.c.o' failed
make[1]: *** [CMakeFiles/cmTC_22cd1.dir/CheckIncludeFile.c.o] Error 1
make[1]: Leaving directory '/home/parallels/work/NetCamera/build/CMakeFiles/CMakeTmp'
Makefile:126: recipe for target 'cmTC_22cd1/fast' failed
make: *** [cmTC_22cd1/fast] Error 2


